2023.08.03 13:17:45 INFO  Started: Metals version 1.0.0 in folders '/Users/lain/Source/acclima/backend2' for client Visual Studio Code 1.80.2.
Aug 03, 2023 1:17:45 PM org.flywaydb.core.internal.license.VersionPrinter printVersionOnly
INFO: Flyway Community Edition 9.20.1 by Redgate
Aug 03, 2023 1:17:45 PM org.flywaydb.core.internal.license.VersionPrinter printVersion
INFO: See release notes here: https://rd.gt/416ObMi
Aug 03, 2023 1:17:45 PM org.flywaydb.core.internal.license.VersionPrinter printVersion
INFO: 
Aug 03, 2023 1:17:45 PM org.flywaydb.core.internal.database.base.BaseDatabaseType createDatabase
INFO: Database: jdbc:h2:file:/Users/lain/Source/acclima/backend2/.metals/metals (H2 2.1)
Aug 03, 2023 1:17:45 PM org.flywaydb.core.internal.schemahistory.JdbcTableSchemaHistory allAppliedMigrations
INFO: Schema history table "PUBLIC"."flyway_schema_history" does not exist yet
Aug 03, 2023 1:17:45 PM org.flywaydb.core.internal.command.DbValidate validate
INFO: Successfully validated 4 migrations (execution time 00:00.009s)
Aug 03, 2023 1:17:45 PM org.flywaydb.core.internal.schemahistory.JdbcTableSchemaHistory create
INFO: Creating Schema History table "PUBLIC"."flyway_schema_history" ...
Aug 03, 2023 1:17:45 PM org.flywaydb.core.internal.command.DbMigrate migrateGroup
INFO: Current version of schema "PUBLIC": << Empty Schema >>
Aug 03, 2023 1:17:45 PM org.flywaydb.core.internal.command.DbMigrate doMigrateGroup
INFO: Migrating schema "PUBLIC" to version "1 - Create tables"
Aug 03, 2023 1:17:45 PM org.flywaydb.core.internal.command.DbMigrate doMigrateGroup
INFO: Migrating schema "PUBLIC" to version "2 - Server discovery"
Aug 03, 2023 1:17:45 PM org.flywaydb.core.internal.command.DbMigrate doMigrateGroup
INFO: Migrating schema "PUBLIC" to version "3 - Jar symbols"
Aug 03, 2023 1:17:45 PM org.flywaydb.core.internal.command.DbMigrate doMigrateGroup
INFO: Migrating schema "PUBLIC" to version "4 - Fingerprints"
Aug 03, 2023 1:17:45 PM org.flywaydb.core.internal.command.DbMigrate logSummary
INFO: Successfully applied 4 migrations to schema "PUBLIC", now at version v4 (execution time 00:00.011s)
2023.08.03 13:17:45 INFO  time: initialize in 0.33s
Aug 03, 2023 1:17:46 PM org.eclipse.lsp4j.jsonrpc.RemoteEndpoint handleCancellation
WARNING: Unmatched cancel notification for request id 1
2023.08.03 13:17:46 WARN  Build server is not auto-connectable.
2023.08.03 13:17:46 WARN  no build target for: /Users/lain/Source/acclima/backend2/build.sbt
2023.08.03 13:17:51 INFO  no build target found for /Users/lain/Source/acclima/backend2/build.sbt. Using presentation compiler with project's scala-library version: 3.3.0
2023.08.03 13:18:12 INFO  running '/opt/homebrew/Cellar/openjdk@11/11.0.20/libexec/openjdk.jdk/Contents/Home/bin/java -Djline.terminal=jline.UnsupportedTerminal -Dsbt.log.noformat=true -Dfile.encoding=UTF-8 -jar /var/folders/08/hglb0jp13r54pxmj160s3k4h0000gn/T/metals16882273562182228915/sbt-launch.jar -Dbloop.export-jar-classifiers=sources bloopInstall'
2023.08.03 13:18:12 WARN  no build target for: /Users/lain/Source/acclima/backend2/project/metals.sbt
2023.08.03 13:18:12 WARN  no build target for: /Users/lain/Source/acclima/backend2/project/project/metals.sbt
2023.08.03 13:18:12 INFO  skipping build import with status 'Started'
2023.08.03 13:18:13 INFO  [info] welcome to sbt 1.9.2 (Homebrew Java 11.0.20)
2023.08.03 13:18:13 INFO  [info] loading global plugins from /Users/lain/.sbt/1.0/plugins
2023.08.03 13:18:15 INFO  [info] loading settings for project backend2-build-build-build from metals.sbt ...
2023.08.03 13:18:15 INFO  [info] loading project definition from /Users/lain/Source/acclima/backend2/project/project/project
2023.08.03 13:18:17 INFO  [info] loading settings for project backend2-build-build from metals.sbt ...
2023.08.03 13:18:17 INFO  [info] loading project definition from /Users/lain/Source/acclima/backend2/project/project
2023.08.03 13:18:24 INFO  [success] Generated .bloop/backend2-build-build.json
2023.08.03 13:18:24 INFO  [success] Total time: 7 s, completed Aug 3, 2023, 1:18:24 PM
2023.08.03 13:18:24 INFO  [info] loading settings for project backend2-build from metals.sbt,plugins.sbt ...
2023.08.03 13:18:24 INFO  [info] loading project definition from /Users/lain/Source/acclima/backend2/project
2023.08.03 13:18:29 INFO  [success] Generated .bloop/backend2-build.json
2023.08.03 13:18:29 INFO  [success] Total time: 4 s, completed Aug 3, 2023, 1:18:29 PM
2023.08.03 13:18:29 INFO  [info] loading settings for project root from build.sbt ...
2023.08.03 13:18:29 INFO  [info] set current project to backend2 (in build file:/Users/lain/Source/acclima/backend2/)
2023.08.03 13:18:29 INFO  [success] Generated .bloop/root-test.json
2023.08.03 13:18:29 INFO  [success] Generated .bloop/root.json
2023.08.03 13:18:29 INFO  [success] Total time: 0 s, completed Aug 3, 2023, 1:18:30 PM
2023.08.03 13:18:30 INFO  time: ran 'sbt bloopInstall' in 18s
2023.08.03 13:18:30 INFO  Attempting to connect to the build server...
2023.08.03 13:18:30 INFO  Setting up current java home /opt/homebrew/Cellar/openjdk@11/11.0.20/libexec/openjdk.jdk/Contents/Home in /Users/lain/.bloop/bloop.json
2023.08.03 13:18:30 WARN  no build target for: /Users/lain/Source/acclima/backend2/src/main/scala/com/acclima/backend2/AirService.scala
2023.08.03 13:18:32 WARN  no build target for: /Users/lain/Source/acclima/backend2/src/main/scala/com/acclima/backend2/Geography.scala
2023.08.03 13:18:50 INFO  running '/opt/homebrew/Cellar/openjdk@11/11.0.20/libexec/openjdk.jdk/Contents/Home/bin/java -Djline.terminal=jline.UnsupportedTerminal -Dsbt.log.noformat=true -Dfile.encoding=UTF-8 -jar /var/folders/08/hglb0jp13r54pxmj160s3k4h0000gn/T/metals6394928177410216258/sbt-launch.jar -Dbloop.export-jar-classifiers=sources bloopInstall'
2023.08.03 13:18:51 INFO  [info] welcome to sbt 1.9.2 (Homebrew Java 11.0.20)
2023.08.03 13:18:51 INFO  [info] loading global plugins from /Users/lain/.sbt/1.0/plugins
2023.08.03 13:18:52 INFO  [info] loading settings for project backend2-build-build-build from metals.sbt ...
2023.08.03 13:18:52 INFO  [info] loading project definition from /Users/lain/Source/acclima/backend2/project/project/project
2023.08.03 13:18:52 INFO  [info] loading settings for project backend2-build-build from metals.sbt ...
2023.08.03 13:18:52 INFO  tracing is disabled for protocol BSP, to enable tracing of incoming and outgoing JSON messages create an empty file at /Users/lain/Source/acclima/backend2/.metals/bsp.trace.json or /Users/lain/Library/Caches/org.scalameta.metals/bsp.trace.json
2023.08.03 13:18:52 INFO  [info] loading project definition from /Users/lain/Source/acclima/backend2/project/project
2023.08.03 13:18:52 INFO  Attempting to connect to the build server...
2023.08.03 13:18:52 INFO  Bloop uses /opt/homebrew/Cellar/openjdk@11/11.0.20/libexec/openjdk.jdk/Contents/Home defined at /Users/lain/.bloop/bloop.json
2023.08.03 13:18:52 INFO  Attempting to connect to the build server...
2023.08.03 13:18:52 INFO  Bloop uses /opt/homebrew/Cellar/openjdk@11/11.0.20/libexec/openjdk.jdk/Contents/Home defined at /Users/lain/.bloop/bloop.json
2023.08.03 13:18:52 INFO  tracing is disabled for protocol BSP, to enable tracing of incoming and outgoing JSON messages create an empty file at /Users/lain/Source/acclima/backend2/project/.metals/bsp.trace.json or /Users/lain/Library/Caches/org.scalameta.metals/bsp.trace.json
2023.08.03 13:18:53 INFO  tracing is disabled for protocol BSP, to enable tracing of incoming and outgoing JSON messages create an empty file at /Users/lain/Source/acclima/backend2/project/project/.metals/bsp.trace.json or /Users/lain/Library/Caches/org.scalameta.metals/bsp.trace.json
2023.08.03 13:18:53 INFO  [success] Generated .bloop/backend2-build-build.json
2023.08.03 13:18:53 INFO  [success] Total time: 1 s, completed Aug 3, 2023, 1:18:53 PM
2023.08.03 13:18:53 INFO  [info] loading settings for project backend2-build from metals.sbt,plugins.sbt ...
2023.08.03 13:18:53 INFO  [info] loading project definition from /Users/lain/Source/acclima/backend2/project
2023.08.03 13:18:53 INFO  [success] Generated .bloop/backend2-build.json
2023.08.03 13:18:53 INFO  [success] Total time: 0 s, completed Aug 3, 2023, 1:18:54 PM
2023.08.03 13:18:53 INFO  [info] loading settings for project root from build.sbt ...
2023.08.03 13:18:53 INFO  [info] set current project to backend2 (in build file:/Users/lain/Source/acclima/backend2/)
2023.08.03 13:18:53 INFO  [success] Generated .bloop/root.json
2023.08.03 13:18:53 INFO  [success] Generated .bloop/root-test.json
2023.08.03 13:18:53 INFO  [success] Total time: 0 s, completed Aug 3, 2023, 1:18:54 PM
2023.08.03 13:18:54 INFO  time: ran 'sbt bloopInstall' in 4.4s
2023.08.03 13:18:54 INFO  Attempting to connect to the build server...
2023.08.03 13:18:54 INFO  Bloop uses /opt/homebrew/Cellar/openjdk@11/11.0.20/libexec/openjdk.jdk/Contents/Home defined at /Users/lain/.bloop/bloop.json
2023.08.03 13:18:54 INFO  tracing is disabled for protocol BSP, to enable tracing of incoming and outgoing JSON messages create an empty file at /Users/lain/Source/acclima/backend2/.metals/bsp.trace.json or /Users/lain/Library/Caches/org.scalameta.metals/bsp.trace.json
2023.08.03 13:18:54 INFO  Attempting to connect to the build server...
2023.08.03 13:18:54 INFO  Bloop uses /opt/homebrew/Cellar/openjdk@11/11.0.20/libexec/openjdk.jdk/Contents/Home defined at /Users/lain/.bloop/bloop.json
2023.08.03 13:18:54 INFO  Attempting to connect to the build server...
2023.08.03 13:18:54 INFO  Bloop uses /opt/homebrew/Cellar/openjdk@11/11.0.20/libexec/openjdk.jdk/Contents/Home defined at /Users/lain/.bloop/bloop.json
2023.08.03 13:18:54 INFO  tracing is disabled for protocol BSP, to enable tracing of incoming and outgoing JSON messages create an empty file at /Users/lain/Source/acclima/backend2/project/project/.metals/bsp.trace.json or /Users/lain/Library/Caches/org.scalameta.metals/bsp.trace.json
2023.08.03 13:18:54 INFO  tracing is disabled for protocol BSP, to enable tracing of incoming and outgoing JSON messages create an empty file at /Users/lain/Source/acclima/backend2/project/.metals/bsp.trace.json or /Users/lain/Library/Caches/org.scalameta.metals/bsp.trace.json
2023.08.03 13:19:01 INFO  time: Connected to build server in 7.14s
2023.08.03 13:19:01 INFO  Connected to Build server: Bloop v1.5.8
2023.08.03 13:19:01 INFO  time: Connected to build server in 31s
2023.08.03 13:19:01 INFO  Connected to Build server: Bloop v1.5.8
2023.08.03 13:19:01 INFO  time: Imported build in 0.1s
2023.08.03 13:19:11 ERROR error processing file:///Users/lain/Library/Caches/Coursier/v1/https/repo1.maven.org/maven2/org/scala-lang/scala3-library_3/3.3.0/scala3-library_3-3.3.0-sources.jar
org.h2.jdbc.JdbcSQLIntegrityConstraintViolationException: Unique index or primary key violation: "PUBLIC.PRIMARY_KEY_E ON PUBLIC.INDEXED_JAR(MD5) VALUES ( /* 1 */ 'DCCB6335CB54ACBDD94C7081B6F08E8D' )"; SQL statement:
insert into indexed_jar (md5) values (?) [23505-214]
	at org.h2.message.DbException.getJdbcSQLException(DbException.java:508)
	at org.h2.message.DbException.getJdbcSQLException(DbException.java:477)
	at org.h2.message.DbException.get(DbException.java:223)
	at org.h2.message.DbException.get(DbException.java:199)
	at org.h2.index.Index.getDuplicateKeyException(Index.java:525)
	at org.h2.mvstore.db.MVSecondaryIndex.checkUnique(MVSecondaryIndex.java:223)
	at org.h2.mvstore.db.MVSecondaryIndex.add(MVSecondaryIndex.java:184)
	at org.h2.mvstore.db.MVTable.addRow(MVTable.java:519)
	at org.h2.command.dml.Insert.insertRows(Insert.java:174)
	at org.h2.command.dml.Insert.update(Insert.java:135)
	at org.h2.command.CommandContainer.executeUpdateWithGeneratedKeys(CommandContainer.java:242)
	at org.h2.command.CommandContainer.update(CommandContainer.java:163)
	at org.h2.command.Command.executeUpdate(Command.java:252)
	at org.h2.jdbc.JdbcPreparedStatement.executeUpdateInternal(JdbcPreparedStatement.java:209)
	at org.h2.jdbc.JdbcPreparedStatement.executeUpdate(JdbcPreparedStatement.java:169)
	at scala.meta.internal.metals.JarTopLevels.putTopLevels(JarTopLevels.scala:86)
	at scala.meta.internal.metals.Indexer.addSourceJarSymbols(Indexer.scala:593)
	at scala.meta.internal.metals.Indexer.$anonfun$indexDependencySources$5(Indexer.scala:447)
	at scala.collection.IterableOnceOps.foreach(IterableOnce.scala:576)
	at scala.collection.IterableOnceOps.foreach$(IterableOnce.scala:574)
	at scala.collection.AbstractIterable.foreach(Iterable.scala:933)
	at scala.collection.IterableOps$WithFilter.foreach(Iterable.scala:903)
	at scala.meta.internal.metals.Indexer.$anonfun$indexDependencySources$1(Indexer.scala:438)
	at scala.meta.internal.metals.Indexer.$anonfun$indexDependencySources$1$adapted(Indexer.scala:437)
	at scala.collection.IterableOnceOps.foreach(IterableOnce.scala:576)
	at scala.collection.IterableOnceOps.foreach$(IterableOnce.scala:574)
	at scala.collection.AbstractIterable.foreach(Iterable.scala:933)
	at scala.meta.internal.metals.Indexer.indexDependencySources(Indexer.scala:437)
	at scala.meta.internal.metals.Indexer.$anonfun$indexWorkspace$22(Indexer.scala:357)
	at scala.runtime.java8.JFunction0$mcV$sp.apply(JFunction0$mcV$sp.scala:18)
	at scala.meta.internal.metals.TimerProvider.timedThunk(TimerProvider.scala:25)
	at scala.meta.internal.metals.Indexer.$anonfun$indexWorkspace$21(Indexer.scala:350)
	at scala.meta.internal.metals.Indexer.$anonfun$indexWorkspace$21$adapted(Indexer.scala:346)
	at scala.collection.immutable.List.foreach(List.scala:333)
	at scala.meta.internal.metals.Indexer.indexWorkspace(Indexer.scala:346)
	at scala.meta.internal.metals.Indexer.$anonfun$profiledIndexWorkspace$2(Indexer.scala:146)
	at scala.runtime.java8.JFunction0$mcV$sp.apply(JFunction0$mcV$sp.scala:18)
	at scala.meta.internal.metals.TimerProvider.timedThunk(TimerProvider.scala:25)
	at scala.meta.internal.metals.Indexer.$anonfun$profiledIndexWorkspace$1(Indexer.scala:146)
	at scala.runtime.java8.JFunction0$mcV$sp.apply(JFunction0$mcV$sp.scala:18)
	at scala.concurrent.Future$.$anonfun$apply$1(Future.scala:687)
	at scala.concurrent.impl.Promise$Transformation.run(Promise.scala:467)
	at java.util.concurrent.ThreadPoolExecutor.runWorker(ThreadPoolExecutor.java:1128)
	at java.util.concurrent.ThreadPoolExecutor$Worker.run(ThreadPoolExecutor.java:628)
	at java.lang.Thread.run(Thread.java:829)

2023.08.03 13:19:11 INFO  compiling root (8 scala sources)
2023.08.03 13:19:11 INFO  time: indexed workspace in 10s
2023.08.03 13:19:12 INFO  time: indexed workspace in 10s
2023.08.03 13:19:16 WARN  there were 2 deprecation warnings; re-run with -deprecation for details
2023.08.03 13:19:16 INFO  compiling root-test (1 scala source)
2023.08.03 13:19:16 INFO  time: compiled root in 5.24s
2023.08.03 13:19:18 INFO  time: compiled root-test in 1.36s
2023.08.03 13:19:18 INFO  compiling root-test (1 scala source)
2023.08.03 13:19:19 INFO  time: compiled root-test in 1.17s
2023.08.03 13:19:30 INFO  compiling root (1 scala source)
2023.08.03 13:19:30 INFO  time: compiled root in 47ms
2023.08.03 13:19:45 INFO  compiling root (1 scala source)
2023.08.03 13:19:45 INFO  time: compiled root in 0.14s
Downloading https://repo1.maven.org/maven2/org/scalameta/scalafmt-core_2.13/3.7.10/scalafmt-core_2.13-3.7.10.pom
Downloaded https://repo1.maven.org/maven2/org/scalameta/scalafmt-core_2.13/3.7.10/scalafmt-core_2.13-3.7.10.pom
Downloading https://repo1.maven.org/maven2/org/scalameta/scalafmt-config_2.13/3.7.10/scalafmt-config_2.13-3.7.10.pom
Downloading https://repo1.maven.org/maven2/org/scalameta/scalameta_2.13/4.8.5/scalameta_2.13-4.8.5.pom
Downloading https://repo1.maven.org/maven2/org/scalameta/scalafmt-sysops_2.13/3.7.10/scalafmt-sysops_2.13-3.7.10.pom
Downloaded https://repo1.maven.org/maven2/org/scalameta/scalafmt-config_2.13/3.7.10/scalafmt-config_2.13-3.7.10.pom
Downloaded https://repo1.maven.org/maven2/org/scalameta/scalameta_2.13/4.8.5/scalameta_2.13-4.8.5.pom
Downloaded https://repo1.maven.org/maven2/org/scalameta/scalafmt-sysops_2.13/3.7.10/scalafmt-sysops_2.13-3.7.10.pom
Downloading https://repo1.maven.org/maven2/org/scalameta/parsers_2.13/4.8.5/parsers_2.13-4.8.5.pom
Downloaded https://repo1.maven.org/maven2/org/scalameta/parsers_2.13/4.8.5/parsers_2.13-4.8.5.pom
Downloading https://repo1.maven.org/maven2/org/scalameta/trees_2.13/4.8.5/trees_2.13-4.8.5.pom
Downloading https://repo1.maven.org/maven2/org/scala-lang/modules/scala-collection-compat_2.13/2.5.0/scala-collection-compat_2.13-2.5.0.pom
Downloaded https://repo1.maven.org/maven2/org/scalameta/trees_2.13/4.8.5/trees_2.13-4.8.5.pom
Downloaded https://repo1.maven.org/maven2/org/scala-lang/modules/scala-collection-compat_2.13/2.5.0/scala-collection-compat_2.13-2.5.0.pom
Downloading https://repo1.maven.org/maven2/org/scalameta/common_2.13/4.8.5/common_2.13-4.8.5.pom
Downloaded https://repo1.maven.org/maven2/org/scalameta/common_2.13/4.8.5/common_2.13-4.8.5.pom
Downloading https://repo1.maven.org/maven2/org/scalameta/parsers_2.13/4.8.5/parsers_2.13-4.8.5.jar
Downloading https://repo1.maven.org/maven2/org/scalameta/scalameta_2.13/4.8.5/scalameta_2.13-4.8.5.jar
Downloading https://repo1.maven.org/maven2/org/scala-lang/modules/scala-collection-compat_2.13/2.5.0/scala-collection-compat_2.13-2.5.0.jar
Downloading https://repo1.maven.org/maven2/org/scalameta/scalafmt-config_2.13/3.7.10/scalafmt-config_2.13-3.7.10.jar
Downloading https://repo1.maven.org/maven2/org/scalameta/common_2.13/4.8.5/common_2.13-4.8.5.jar
Downloading https://repo1.maven.org/maven2/org/scalameta/scalafmt-core_2.13/3.7.10/scalafmt-core_2.13-3.7.10.jar
Downloaded https://repo1.maven.org/maven2/org/scalameta/scalafmt-config_2.13/3.7.10/scalafmt-config_2.13-3.7.10.jar
Downloading https://repo1.maven.org/maven2/org/scalameta/trees_2.13/4.8.5/trees_2.13-4.8.5.jar
Downloaded https://repo1.maven.org/maven2/org/scala-lang/modules/scala-collection-compat_2.13/2.5.0/scala-collection-compat_2.13-2.5.0.jar
Downloading https://repo1.maven.org/maven2/org/scalameta/scalafmt-sysops_2.13/3.7.10/scalafmt-sysops_2.13-3.7.10.jar
Downloaded https://repo1.maven.org/maven2/org/scalameta/scalafmt-sysops_2.13/3.7.10/scalafmt-sysops_2.13-3.7.10.jar
Downloaded https://repo1.maven.org/maven2/org/scalameta/scalameta_2.13/4.8.5/scalameta_2.13-4.8.5.jar
Downloaded https://repo1.maven.org/maven2/org/scalameta/parsers_2.13/4.8.5/parsers_2.13-4.8.5.jar
Downloaded https://repo1.maven.org/maven2/org/scalameta/scalafmt-core_2.13/3.7.10/scalafmt-core_2.13-3.7.10.jar
Downloaded https://repo1.maven.org/maven2/org/scalameta/common_2.13/4.8.5/common_2.13-4.8.5.jar
Downloaded https://repo1.maven.org/maven2/org/scalameta/trees_2.13/4.8.5/trees_2.13-4.8.5.jar
2023.08.03 13:19:57 INFO  compiling root (1 scala source)
2023.08.03 13:19:57 INFO  time: compiled root in 0.12s
2023.08.03 13:21:03 INFO  compiling root (1 scala source)
2023.08.03 13:21:03 INFO  time: compiled root in 0.48s
2023.08.03 13:21:06 INFO  compiling root (1 scala source)
2023.08.03 13:21:06 INFO  time: compiled root in 0.94s
2023.08.03 13:21:08 INFO  compiling root (1 scala source)
2023.08.03 13:21:08 INFO  time: compiled root in 0.96s
2023.08.03 13:21:11 INFO  compiling root (1 scala source)
2023.08.03 13:21:11 INFO  time: compiled root in 0.76s
2023.08.03 13:21:12 INFO  compiling root (1 scala source)
2023.08.03 13:21:12 INFO  time: compiled root in 0.73s
2023.08.03 13:21:14 INFO  compiling root (1 scala source)
2023.08.03 13:21:14 INFO  time: compiled root in 0.67s
2023.08.03 13:21:18 INFO  compiling root (1 scala source)
2023.08.03 13:21:18 INFO  time: compiled root in 0.81s
2023.08.03 13:22:42 INFO  compiling root (1 scala source)
2023.08.03 13:22:42 INFO  time: compiled root in 37ms
2023.08.03 13:22:48 INFO  compiling root (1 scala source)
2023.08.03 13:22:48 INFO  time: compiled root in 0.15s
2023.08.03 13:22:56 INFO  compiling root (1 scala source)
2023.08.03 13:22:56 INFO  time: compiled root in 42ms
2023.08.03 13:22:57 INFO  compiling root (1 scala source)
2023.08.03 13:22:57 INFO  time: compiled root in 35ms
2023.08.03 13:51:18 INFO  compiling root (1 scala source)
2023.08.03 13:51:18 INFO  time: compiled root in 62ms
2023.08.03 13:51:24 INFO  compiling root (1 scala source)
2023.08.03 13:51:24 INFO  time: compiled root in 0.15s
2023.08.03 13:51:26 INFO  compiling root (1 scala source)
2023.08.03 13:51:26 INFO  time: compiled root in 46ms
2023.08.03 13:51:28 INFO  compiling root (1 scala source)
2023.08.03 13:51:28 INFO  time: compiled root in 48ms
2023.08.03 13:51:33 INFO  compiling root (1 scala source)
2023.08.03 13:51:33 INFO  time: compiled root in 46ms
2023.08.03 13:51:35 INFO  compiling root (1 scala source)
2023.08.03 13:51:35 INFO  time: compiled root in 64ms
2023.08.03 13:51:38 INFO  compiling root (1 scala source)
2023.08.03 13:51:38 INFO  time: compiled root in 36ms
2023.08.03 13:51:42 INFO  compiling root (1 scala source)
2023.08.03 13:51:42 INFO  time: compiled root in 0.25s
2023.08.03 13:51:43 INFO  compiling root (1 scala source)
2023.08.03 13:51:43 INFO  time: compiled root in 0.66s
2023.08.03 13:51:49 INFO  compiling root (1 scala source)
2023.08.03 13:51:49 INFO  time: compiled root in 42ms
2023.08.03 13:51:51 INFO  compiling root (1 scala source)
2023.08.03 13:51:51 INFO  time: compiled root in 86ms
2023.08.03 13:52:05 INFO  compiling root (1 scala source)
2023.08.03 13:52:05 INFO  time: compiled root in 0.11s
2023.08.03 13:52:13 INFO  compiling root (1 scala source)
2023.08.03 13:52:13 INFO  time: compiled root in 0.57s
2023.08.03 13:52:14 INFO  compiling root (1 scala source)
2023.08.03 13:52:14 INFO  time: compiled root in 82ms
2023.08.03 13:52:16 INFO  compiling root (1 scala source)
2023.08.03 13:52:16 INFO  time: compiled root in 0.54s
2023.08.03 13:52:17 INFO  compiling root (1 scala source)
2023.08.03 13:52:17 INFO  time: compiled root in 0.49s
2023.08.03 13:52:19 INFO  compiling root (1 scala source)
2023.08.03 13:52:19 INFO  time: compiled root in 0.51s
2023.08.03 13:52:22 INFO  compiling root (1 scala source)
2023.08.03 13:52:22 INFO  time: compiled root in 0.51s
2023.08.03 13:52:26 INFO  compiling root (1 scala source)
2023.08.03 13:52:26 INFO  time: compiled root in 0.48s
2023.08.03 13:52:29 INFO  compiling root (1 scala source)
2023.08.03 13:52:29 INFO  time: compiled root in 0.48s
2023.08.03 13:52:31 INFO  compiling root (1 scala source)
2023.08.03 13:52:31 INFO  time: compiled root in 0.5s
2023.08.03 13:52:37 INFO  compiling root (1 scala source)
2023.08.03 13:52:37 INFO  time: compiled root in 0.48s
2023.08.03 13:52:40 INFO  compiling root (1 scala source)
2023.08.03 13:52:40 INFO  time: compiled root in 0.54s
2023.08.03 13:52:50 INFO  compiling root (1 scala source)
2023.08.03 13:52:50 INFO  time: compiled root in 0.49s
2023.08.03 13:52:53 INFO  compiling root (1 scala source)
2023.08.03 13:52:53 INFO  time: compiled root in 0.52s
2023.08.03 13:52:56 INFO  compiling root (1 scala source)
2023.08.03 13:52:56 INFO  time: compiled root in 0.49s
2023.08.03 13:53:02 INFO  compiling root (1 scala source)
2023.08.03 13:53:02 INFO  time: compiled root in 0.47s
2023.08.03 13:53:04 INFO  compiling root (1 scala source)
2023.08.03 13:53:04 INFO  time: compiled root in 0.13s
2023.08.03 13:53:07 INFO  compiling root (1 scala source)
2023.08.03 13:53:07 INFO  time: compiled root in 0.51s
2023.08.03 13:53:09 INFO  compiling root (1 scala source)
2023.08.03 13:53:09 INFO  time: compiled root in 0.51s
2023.08.03 13:53:12 INFO  compiling root (1 scala source)
2023.08.03 13:53:12 INFO  time: compiled root in 0.59s
2023.08.03 13:53:14 INFO  compiling root (1 scala source)
2023.08.03 13:53:14 INFO  time: compiled root in 0.12s
2023.08.03 13:53:16 INFO  compiling root (1 scala source)
2023.08.03 13:53:16 INFO  time: compiled root in 0.45s
2023.08.03 13:53:27 INFO  compiling root (1 scala source)
2023.08.03 13:53:27 INFO  time: compiled root in 34ms
2023.08.03 13:53:30 INFO  compiling root (1 scala source)
2023.08.03 13:53:30 INFO  time: compiled root in 0.48s
2023.08.03 13:53:45 INFO  compiling root (1 scala source)
2023.08.03 13:53:45 INFO  time: compiled root in 0.12s
2023.08.03 13:53:47 INFO  compiling root (1 scala source)
2023.08.03 13:53:47 INFO  time: compiled root in 0.52s
2023.08.03 13:54:09 INFO  compiling root (1 scala source)
2023.08.03 13:54:09 INFO  time: compiled root in 0.5s
2023.08.03 13:54:12 INFO  compiling root (1 scala source)
2023.08.03 13:54:12 INFO  time: compiled root in 0.48s
2023.08.03 13:54:15 INFO  compiling root (1 scala source)
2023.08.03 13:54:15 INFO  time: compiled root in 0.53s
2023.08.03 13:54:16 INFO  compiling root (1 scala source)
2023.08.03 13:54:16 INFO  time: compiled root in 0.45s
2023.08.03 13:54:23 INFO  compiling root (1 scala source)
2023.08.03 13:54:23 INFO  time: compiled root in 0.48s
2023.08.03 13:54:24 INFO  compiling root (1 scala source)
2023.08.03 13:54:24 INFO  time: compiled root in 0.5s
2023.08.03 13:54:27 INFO  compiling root (1 scala source)
2023.08.03 13:54:27 INFO  time: compiled root in 0.5s
2023.08.03 13:56:37 INFO  compiling root (1 scala source)
2023.08.03 13:56:37 INFO  time: compiled root in 0.8s
2023.08.03 13:56:39 INFO  compiling root (1 scala source)
2023.08.03 13:56:39 INFO  time: compiled root in 0.65s
2023.08.03 13:56:48 INFO  compiling root (1 scala source)
2023.08.03 13:56:48 INFO  time: compiled root in 0.19s
2023.08.03 13:57:01 INFO  compiling root (1 scala source)
2023.08.03 13:57:01 INFO  time: compiled root in 0.62s
2023.08.03 13:57:07 INFO  compiling root (1 scala source)
2023.08.03 13:57:07 INFO  time: compiled root in 0.52s
2023.08.03 13:57:14 INFO  compiling root (1 scala source)
2023.08.03 13:57:14 INFO  time: compiled root in 0.51s
2023.08.03 13:57:19 INFO  compiling root (1 scala source)
2023.08.03 13:57:19 INFO  time: compiled root in 0.57s
Aug 03, 2023 1:57:28 PM scala.meta.internal.pc.CompilerAccess handleError
SEVERE: A severe compiler error occurred, full details of the error can be found in the error report /Users/lain/Source/acclima/backend2/.metals/.reports/metals-full/r_compiler-error_1691060248014
Aug 03, 2023 1:57:28 PM org.eclipse.lsp4j.jsonrpc.RemoteEndpoint handleCancellation
WARNING: Unmatched cancel notification for request id 1225
2023.08.03 13:57:30 INFO  compiling root (1 scala source)
2023.08.03 13:57:30 INFO  time: compiled root in 54ms
2023.08.03 13:57:32 INFO  compiling root (1 scala source)
2023.08.03 13:57:32 INFO  time: compiled root in 0.46s
2023.08.03 13:57:35 INFO  compiling root (1 scala source)
2023.08.03 13:57:35 INFO  time: compiled root in 0.49s
2023.08.03 13:57:38 INFO  compiling root (1 scala source)
2023.08.03 13:57:38 INFO  time: compiled root in 0.47s
2023.08.03 13:57:41 INFO  compiling root (1 scala source)
2023.08.03 13:57:41 INFO  time: compiled root in 0.46s
2023.08.03 13:57:45 INFO  compiling root (1 scala source)
2023.08.03 13:57:45 INFO  time: compiled root in 0.49s
2023.08.03 13:57:47 INFO  compiling root (1 scala source)
2023.08.03 13:57:47 INFO  time: compiled root in 0.48s
2023.08.03 13:57:52 INFO  compiling root (1 scala source)
2023.08.03 13:57:52 INFO  time: compiled root in 0.47s
2023.08.03 14:00:22 INFO  time: code lens generation in 1.58s
2023.08.03 14:05:00 INFO  compiling root (1 scala source)
2023.08.03 14:05:00 INFO  time: compiled root in 0.72s
2023.08.03 14:06:44 INFO  compiling root (1 scala source)
2023.08.03 14:06:44 INFO  time: compiled root in 0.75s
2023.08.03 14:06:46 INFO  compiling root (1 scala source)
2023.08.03 14:06:46 INFO  time: compiled root in 0.62s
2023.08.03 14:06:47 INFO  compiling root (1 scala source)
2023.08.03 14:06:47 INFO  time: compiled root in 0.52s
2023.08.03 14:07:02 INFO  compiling root (1 scala source)
2023.08.03 14:07:02 INFO  time: compiled root in 0.46s
2023.08.03 14:07:08 INFO  compiling root (1 scala source)
2023.08.03 14:07:08 INFO  time: compiled root in 0.5s
2023.08.03 14:07:18 INFO  compiling root (1 scala source)
2023.08.03 14:07:18 INFO  time: compiled root in 0.46s
2023.08.03 14:09:04 INFO  compiling root (1 scala source)
2023.08.03 14:09:04 INFO  time: compiled root in 0.71s
2023.08.03 14:09:07 INFO  compiling root (1 scala source)
2023.08.03 14:09:07 INFO  time: compiled root in 0.95s
2023.08.03 14:09:08 INFO  compiling root (1 scala source)
2023.08.03 14:09:08 INFO  time: compiled root in 0.54s
Aug 03, 2023 2:09:09 PM scala.meta.internal.pc.CompilerAccess handleError
SEVERE: A severe compiler error occurred, full details of the error can be found in the error report /Users/lain/Source/acclima/backend2/.metals/.reports/metals-full/r_compiler-error_1691060949853
2023.08.03 14:09:10 INFO  compiling root (1 scala source)
2023.08.03 14:09:10 INFO  time: compiled root in 0.52s
2023.08.03 14:09:18 INFO  compiling root (1 scala source)
2023.08.03 14:09:18 INFO  time: compiled root in 0.57s
Aug 06, 2023 2:28:03 PM scala.meta.internal.pc.CompilerAccess handleError
SEVERE: A severe compiler error occurred, full details of the error can be found in the error report /Users/lain/Source/acclima/backend2/.metals/.reports/metals-full/r_compiler-error_1691321283425
Aug 06, 2023 2:32:05 PM scala.meta.internal.pc.CompilerAccess handleError
SEVERE: A severe compiler error occurred, full details of the error can be found in the error report /Users/lain/Source/acclima/backend2/.metals/.reports/metals-full/r_compiler-error_1691321525765
2023.08.06 19:32:34 INFO  running '/opt/homebrew/Cellar/openjdk@11/11.0.20/libexec/openjdk.jdk/Contents/Home/bin/java -Djline.terminal=jline.UnsupportedTerminal -Dsbt.log.noformat=true -Dfile.encoding=UTF-8 -jar /var/folders/08/hglb0jp13r54pxmj160s3k4h0000gn/T/metals6397238532738130286/sbt-launch.jar -Dbloop.export-jar-classifiers=sources bloopInstall'
2023.08.06 19:32:38 INFO  [info] welcome to sbt 1.9.2 (Homebrew Java 11.0.20)
2023.08.06 19:32:38 INFO  [info] loading global plugins from /Users/lain/.sbt/1.0/plugins
2023.08.06 19:32:39 INFO  [info] loading settings for project backend2-build-build-build from metals.sbt ...
2023.08.06 19:32:39 INFO  [info] loading project definition from /Users/lain/Source/acclima/backend2/project/project/project
2023.08.06 19:32:39 INFO  [info] loading settings for project backend2-build-build from metals.sbt ...
2023.08.06 19:32:39 INFO  [info] loading project definition from /Users/lain/Source/acclima/backend2/project/project
2023.08.06 19:32:40 INFO  [success] Generated .bloop/backend2-build-build.json
2023.08.06 19:32:40 INFO  [success] Total time: 1 s, completed Aug 6, 2023, 7:32:40 PM
2023.08.06 19:32:40 INFO  [info] loading settings for project backend2-build from metals.sbt,plugins.sbt ...
2023.08.06 19:32:40 INFO  [info] loading project definition from /Users/lain/Source/acclima/backend2/project
2023.08.06 19:32:40 INFO  [success] Generated .bloop/backend2-build.json
2023.08.06 19:32:40 INFO  [success] Total time: 0 s, completed Aug 6, 2023, 7:32:40 PM
2023.08.06 19:32:40 INFO  [info] loading settings for project root from build.sbt ...
2023.08.06 19:32:40 INFO  [info] set current project to backend2 (in build file:/Users/lain/Source/acclima/backend2/)
2023.08.06 19:33:11 INFO  [warn] 
2023.08.06 19:33:11 INFO  [warn] 	Note: Unresolved dependencies path:
2023.08.06 19:33:11 INFO  [error] Couldn't run bloopGenerate. Cause: Incomplete(node=Some(Task(_)), tpe=Error, msg=None, causes=List(Incomplete(node=Some(Task(_)), tpe=Error, msg=None, causes=List(Incomplete(node=Some(Task((tags: Map(Tag(update) -> 1, Tag(network) -> 1), taskDefinitionKey: ScopedKey(Scope(Select(ProjectRef(file:/Users/lain/Source/acclima/backend2/,root)), Zero, Zero, Zero),updateClassifiers)))), tpe=Error, msg=None, causes=List(Incomplete(node=Some(Task((taskDefinitionKey: ScopedKey(Scope(Select(ProjectRef(file:/Users/lain/Source/acclima/backend2/,root)), Zero, Select(updateClassifiers), Zero),classifiersModule)))), tpe=Error, msg=None, causes=List(Incomplete(node=Some(Task((taskDefinitionKey: ScopedKey(Scope(Select(ProjectRef(file:/Users/lain/Source/acclima/backend2/,root)), Zero, Zero, Zero),update)))), tpe=Error, msg=None, causes=List(Incomplete(node=Some(Task((tags: Map(Tag(update) -> 1, Tag(network) -> 1), taskDefinitionKey: ScopedKey(Scope(Select(ProjectRef(file:/Users/lain/Source/acclima/backend2/,root)), Zero, Zero, Zero),update)))), tpe=Error, msg=None, causes=List(), directCause=Some(sbt.librarymanagement.ResolveException: Error downloading io.circe:circe-optics_3:0.14.0
2023.08.06 19:33:11 INFO  [error]   Not found
2023.08.06 19:33:11 INFO  [error]   Not found
2023.08.06 19:33:11 INFO  [error]   not found: /Users/lain/.ivy2/localio.circe/circe-optics_3/0.14.0/ivys/ivy.xml
2023.08.06 19:33:11 INFO  [error]   download error: Caught java.net.UnknownHostException (repo1.maven.org) while downloading https://repo1.maven.org/maven2/io/circe/circe-optics_3/0.14.0/circe-optics_3-0.14.0.pom))), directCause=None)), directCause=None)), directCause=None)), directCause=None), Incomplete(node=Some(Task((taskDefinitionKey: ScopedKey(Scope(Select(ProjectRef(file:/Users/lain/Source/acclima/backend2/,root)), Zero, Zero, Zero),update)))), tpe=Error, msg=None, causes=List(Incomplete(node=Some(Task((tags: Map(Tag(update) -> 1, Tag(network) -> 1), taskDefinitionKey: ScopedKey(Scope(Select(ProjectRef(file:/Users/lain/Source/acclima/backend2/,root)), Zero, Zero, Zero),update)))), tpe=Error, msg=None, causes=List(), directCause=Some(sbt.librarymanagement.ResolveException: Error downloading io.circe:circe-optics_3:0.14.0
2023.08.06 19:33:11 INFO  [error]   Not found
2023.08.06 19:33:11 INFO  [error]   Not found
2023.08.06 19:33:11 INFO  [error]   not found: /Users/lain/.ivy2/localio.circe/circe-optics_3/0.14.0/ivys/ivy.xml
2023.08.06 19:33:11 INFO  [error]   download error: Caught java.net.UnknownHostException (repo1.maven.org) while downloading https://repo1.maven.org/maven2/io/circe/circe-optics_3/0.14.0/circe-optics_3-0.14.0.pom))), directCause=None), Incomplete(node=Some(Task(_)), tpe=Error, msg=None, causes=List(Incomplete(node=Some(Task(_)), tpe=Error, msg=None, causes=List(Incomplete(node=Some(Task((taskDefinitionKey: ScopedKey(Scope(Select(ProjectRef(file:/Users/lain/Source/acclima/backend2/,root)), Select(ConfigKey(compile)), Zero, Zero),externalDependencyClasspath)))), tpe=Error, msg=None, causes=List(Incomplete(node=Some(Task(_)), tpe=Error, msg=None, causes=List(Incomplete(node=Some(Task((taskDefinitionKey: ScopedKey(Scope(Select(ProjectRef(file:/Users/lain/Source/acclima/backend2/,root)), Select(ConfigKey(compile)), Zero, Zero),managedClasspath)))), tpe=Error, msg=None, causes=List(Incomplete(node=Some(Task(_)), tpe=Error, msg=None, causes=List(Incomplete(node=Some(Task((taskDefinitionKey: ScopedKey(Scope(Select(ProjectRef(file:/Users/lain/Source/acclima/backend2/,root)), Zero, Zero, Zero),update)))), tpe=Error, msg=None, causes=List(Incomplete(node=Some(Task((tags: Map(Tag(update) -> 1, Tag(network) -> 1), taskDefinitionKey: ScopedKey(Scope(Select(ProjectRef(file:/Users/lain/Source/acclima/backend2/,root)), Zero, Zero, Zero),update)))), tpe=Error, msg=None, causes=List(), directCause=Some(sbt.librarymanagement.ResolveException: Error downloading io.circe:circe-optics_3:0.14.0
2023.08.06 19:33:11 INFO  [error]   Not found
2023.08.06 19:33:11 INFO  [error]   Not found
2023.08.06 19:33:11 INFO  [error]   not found: /Users/lain/.ivy2/localio.circe/circe-optics_3/0.14.0/ivys/ivy.xml
2023.08.06 19:33:11 INFO  [error]   download error: Caught java.net.UnknownHostException (repo1.maven.org) while downloading https://repo1.maven.org/maven2/io/circe/circe-optics_3/0.14.0/circe-optics_3-0.14.0.pom))), directCause=None), Incomplete(node=Some(Task((taskDefinitionKey: ScopedKey(Scope(Select(ProjectRef(file:/Users/lain/Source/acclima/backend2/,root)), Select(ConfigKey(compile)), Zero, Zero),classpathConfiguration)))), tpe=Error, msg=None, causes=List(Incomplete(node=Some(Task((taskDefinitionKey: ScopedKey(Scope(Select(ProjectRef(file:/Users/lain/Source/acclima/backend2/,root)), Zero, Zero, Zero),update)))), tpe=Error, msg=None, causes=List(Incomplete(node=Some(Task((tags: Map(Tag(update) -> 1, Tag(network) -> 1), taskDefinitionKey: ScopedKey(Scope(Select(ProjectRef(file:/Users/lain/Source/acclima/backend2/,root)), Zero, Zero, Zero),update)))), tpe=Error, msg=None, causes=List(), directCause=Some(sbt.librarymanagement.ResolveException: Error downloading io.circe:circe-optics_3:0.14.0
2023.08.06 19:33:11 INFO  [error]   Not found
2023.08.06 19:33:11 INFO  [error]   Not found
2023.08.06 19:33:11 INFO  [error]   not found: /Users/lain/.ivy2/localio.circe/circe-optics_3/0.14.0/ivys/ivy.xml
2023.08.06 19:33:11 INFO  [error]   download error: Caught java.net.UnknownHostException (repo1.maven.org) while downloading https://repo1.maven.org/maven2/io/circe/circe-optics_3/0.14.0/circe-optics_3-0.14.0.pom))), directCause=None)), directCause=None)), directCause=None)), directCause=None)), directCause=None)), directCause=None)), directCause=None)), directCause=None), Incomplete(node=Some(Task((taskDefinitionKey: ScopedKey(Scope(Select(ProjectRef(file:/Users/lain/Source/acclima/backend2/,root)), Select(ConfigKey(compile)), Zero, Zero),bloopInternalClasspath)))), tpe=Error, msg=None, causes=List(Incomplete(node=Some(Task(_)), tpe=Error, msg=None, causes=List(Incomplete(node=Some(Task((taskDefinitionKey: ScopedKey(Scope(Select(ProjectRef(file:/Users/lain/Source/acclima/backend2/,root)), Select(ConfigKey(compile)), Zero, Zero),classpathConfiguration)))), tpe=Error, msg=None, causes=List(Incomplete(node=Some(Task((taskDefinitionKey: ScopedKey(Scope(Select(ProjectRef(file:/Users/lain/Source/acclima/backend2/,root)), Zero, Zero, Zero),update)))), tpe=Error, msg=None, causes=List(Incomplete(node=Some(Task((tags: Map(Tag(update) -> 1, Tag(network) -> 1), taskDefinitionKey: ScopedKey(Scope(Select(ProjectRef(file:/Users/lain/Source/acclima/backend2/,root)), Zero, Zero, Zero),update)))), tpe=Error, msg=None, causes=List(), directCause=Some(sbt.librarymanagement.ResolveException: Error downloading io.circe:circe-optics_3:0.14.0
2023.08.06 19:33:11 INFO  [error]   Not found
2023.08.06 19:33:11 INFO  [error]   Not found
2023.08.06 19:33:11 INFO  [error]   not found: /Users/lain/.ivy2/localio.circe/circe-optics_3/0.14.0/ivys/ivy.xml
2023.08.06 19:33:11 INFO  [error]   download error: Caught java.net.UnknownHostException (repo1.maven.org) while downloading https://repo1.maven.org/maven2/io/circe/circe-optics_3/0.14.0/circe-optics_3-0.14.0.pom))), directCause=None)), directCause=None)), directCause=None)), directCause=None), Incomplete(node=Some(Task((taskDefinitionKey: ScopedKey(Scope(Select(ProjectRef(file:/Users/lain/Source/acclima/backend2/,root)), Select(ConfigKey(compile)), Zero, Zero),scalacOptions)))), tpe=Error, msg=None, causes=List(Incomplete(node=Some(Task((taskDefinitionKey: ScopedKey(Scope(Select(ProjectRef(file:/Users/lain/Source/acclima/backend2/,root)), Select(ConfigKey(compile)), Zero, Zero),scalacOptions)))), tpe=Error, msg=None, causes=List(Incomplete(node=Some(Task((taskDefinitionKey: ScopedKey(Scope(Select(ProjectRef(file:/Users/lain/Source/acclima/backend2/,root)), Select(ConfigKey(compile)), Zero, Zero),scalacOptions)))), tpe=Error, msg=None, causes=List(Incomplete(node=Some(Task((taskDefinitionKey: ScopedKey(Scope(Select(ProjectRef(file:/Users/lain/Source/acclima/backend2/,root)), Select(ConfigKey(compile)), Zero, Zero),scalacOptions)))), tpe=Error, msg=None, causes=List(Incomplete(node=Some(Task((taskDefinitionKey: ScopedKey(Scope(Select(ProjectRef(file:/Users/lain/Source/acclima/backend2/,root)), Select(ConfigKey(compile)), Zero, Zero),scalacOptions)))), tpe=Error, msg=None, causes=List(Incomplete(node=Some(Task((taskDefinitionKey: ScopedKey(Scope(Select(ProjectRef(file:/Users/lain/Source/acclima/backend2/,root)), Zero, Zero, Zero),update)))), tpe=Error, msg=None, causes=List(Incomplete(node=Some(Task((tags: Map(Tag(update) -> 1, Tag(network) -> 1), taskDefinitionKey: ScopedKey(Scope(Select(ProjectRef(file:/Users/lain/Source/acclima/backend2/,root)), Zero, Zero, Zero),update)))), tpe=Error, msg=None, causes=List(), directCause=Some(sbt.librarymanagement.ResolveException: Error downloading io.circe:circe-optics_3:0.14.0
2023.08.06 19:33:11 INFO  [error]   Not found
2023.08.06 19:33:11 INFO  [error]   Not found
2023.08.06 19:33:11 INFO  [error]   not found: /Users/lain/.ivy2/localio.circe/circe-optics_3/0.14.0/ivys/ivy.xml
2023.08.06 19:33:11 INFO  [error]   download error: Caught java.net.UnknownHostException (repo1.maven.org) while downloading https://repo1.maven.org/maven2/io/circe/circe-optics_3/0.14.0/circe-optics_3-0.14.0.pom))), directCause=None)), directCause=None)), directCause=None)), directCause=None)), directCause=None)), directCause=None), Incomplete(node=Some(Task(_)), tpe=Error, msg=None, causes=List(Incomplete(node=Some(Task((taskDefinitionKey: ScopedKey(Scope(Select(ProjectRef(file:/Users/lain/Source/acclima/backend2/,root)), Select(ConfigKey(compile)), Zero, Zero),externalDependencyClasspath)))), tpe=Error, msg=None, causes=List(Incomplete(node=Some(Task(_)), tpe=Error, msg=None, causes=List(Incomplete(node=Some(Task((taskDefinitionKey: ScopedKey(Scope(Select(ProjectRef(file:/Users/lain/Source/acclima/backend2/,root)), Select(ConfigKey(compile)), Zero, Zero),managedClasspath)))), tpe=Error, msg=None, causes=List(Incomplete(node=Some(Task(_)), tpe=Error, msg=None, causes=List(Incomplete(node=Some(Task((taskDefinitionKey: ScopedKey(Scope(Select(ProjectRef(file:/Users/lain/Source/acclima/backend2/,root)), Zero, Zero, Zero),update)))), tpe=Error, msg=None, causes=List(Incomplete(node=Some(Task((tags: Map(Tag(update) -> 1, Tag(network) -> 1), taskDefinitionKey: ScopedKey(Scope(Select(ProjectRef(file:/Users/lain/Source/acclima/backend2/,root)), Zero, Zero, Zero),update)))), tpe=Error, msg=None, causes=List(), directCause=Some(sbt.librarymanagement.ResolveException: Error downloading io.circe:circe-optics_3:0.14.0
2023.08.06 19:33:11 INFO  [error]   Not found
2023.08.06 19:33:11 INFO  [error]   Not found
2023.08.06 19:33:11 INFO  [error]   not found: /Users/lain/.ivy2/localio.circe/circe-optics_3/0.14.0/ivys/ivy.xml
2023.08.06 19:33:11 INFO  [error]   download error: Caught java.net.UnknownHostException (repo1.maven.org) while downloading https://repo1.maven.org/maven2/io/circe/circe-optics_3/0.14.0/circe-optics_3-0.14.0.pom))), directCause=None), Incomplete(node=Some(Task((taskDefinitionKey: ScopedKey(Scope(Select(ProjectRef(file:/Users/lain/Source/acclima/backend2/,root)), Select(ConfigKey(compile)), Zero, Zero),classpathConfiguration)))), tpe=Error, msg=None, causes=List(Incomplete(node=Some(Task((taskDefinitionKey: ScopedKey(Scope(Select(ProjectRef(file:/Users/lain/Source/acclima/backend2/,root)), Zero, Zero, Zero),update)))), tpe=Error, msg=None, causes=List(Incomplete(node=Some(Task((tags: Map(Tag(update) -> 1, Tag(network) -> 1), taskDefinitionKey: ScopedKey(Scope(Select(ProjectRef(file:/Users/lain/Source/acclima/backend2/,root)), Zero, Zero, Zero),update)))), tpe=Error, msg=None, causes=List(), directCause=Some(sbt.librarymanagement.ResolveException: Error downloading io.circe:circe-optics_3:0.14.0
2023.08.06 19:33:11 INFO  [error]   Not found
2023.08.06 19:33:11 INFO  [error]   Not found
2023.08.06 19:33:11 INFO  [error]   not found: /Users/lain/.ivy2/localio.circe/circe-optics_3/0.14.0/ivys/ivy.xml
2023.08.06 19:33:11 INFO  [error]   download error: Caught java.net.UnknownHostException (repo1.maven.org) while downloading https://repo1.maven.org/maven2/io/circe/circe-optics_3/0.14.0/circe-optics_3-0.14.0.pom))), directCause=None)), directCause=None)), directCause=None)), directCause=None)), directCause=None)), directCause=None), Incomplete(node=Some(Task((taskDefinitionKey: ScopedKey(Scope(Select(ProjectRef(file:/Users/lain/Source/acclima/backend2/,root)), Select(ConfigKey(compile)), Zero, Zero),bloopInternalClasspath)))), tpe=Error, msg=None, causes=List(Incomplete(node=Some(Task(_)), tpe=Error, msg=None, causes=List(Incomplete(node=Some(Task((taskDefinitionKey: ScopedKey(Scope(Select(ProjectRef(file:/Users/lain/Source/acclima/backend2/,root)), Select(ConfigKey(compile)), Zero, Zero),classpathConfiguration)))), tpe=Error, msg=None, causes=List(Incomplete(node=Some(Task((taskDefinitionKey: ScopedKey(Scope(Select(ProjectRef(file:/Users/lain/Source/acclima/backend2/,root)), Zero, Zero, Zero),update)))), tpe=Error, msg=None, causes=List(Incomplete(node=Some(Task((tags: Map(Tag(update) -> 1, Tag(network) -> 1), taskDefinitionKey: ScopedKey(Scope(Select(ProjectRef(file:/Users/lain/Source/acclima/backend2/,root)), Zero, Zero, Zero),update)))), tpe=Error, msg=None, causes=List(), directCause=Some(sbt.librarymanagement.ResolveException: Error downloading io.circe:circe-optics_3:0.14.0
2023.08.06 19:33:11 INFO  [error]   Not found
2023.08.06 19:33:11 INFO  [error]   Not found
2023.08.06 19:33:11 INFO  [error]   not found: /Users/lain/.ivy2/localio.circe/circe-optics_3/0.14.0/ivys/ivy.xml
2023.08.06 19:33:11 INFO  [error]   download error: Caught java.net.UnknownHostException (repo1.maven.org) while downloading https://repo1.maven.org/maven2/io/circe/circe-optics_3/0.14.0/circe-optics_3-0.14.0.pom))), directCause=None)), directCause=None)), directCause=None)), directCause=None)), directCause=None), Incomplete(node=Some(Task((taskDefinitionKey: ScopedKey(Scope(Select(ProjectRef(file:/Users/lain/Source/acclima/backend2/,root)), Zero, Zero, Zero),scalaInstance)))), tpe=Error, msg=None, causes=List(Incomplete(node=Some(Task(_)), tpe=Error, msg=None, causes=List(Incomplete(node=Some(Task((taskDefinitionKey: ScopedKey(Scope(Select(ProjectRef(file:/Users/lain/Source/acclima/backend2/,root)), Zero, Zero, Zero),update)))), tpe=Error, msg=None, causes=List(Incomplete(node=Some(Task((tags: Map(Tag(update) -> 1, Tag(network) -> 1), taskDefinitionKey: ScopedKey(Scope(Select(ProjectRef(file:/Users/lain/Source/acclima/backend2/,root)), Zero, Zero, Zero),update)))), tpe=Error, msg=None, causes=List(), directCause=Some(sbt.librarymanagement.ResolveException: Error downloading io.circe:circe-optics_3:0.14.0
2023.08.06 19:33:11 INFO  [error]   Not found
2023.08.06 19:33:11 INFO  [error]   Not found
2023.08.06 19:33:11 INFO  [error]   not found: /Users/lain/.ivy2/localio.circe/circe-optics_3/0.14.0/ivys/ivy.xml
2023.08.06 19:33:11 INFO  [error]   download error: Caught java.net.UnknownHostException (repo1.maven.org) while downloading https://repo1.maven.org/maven2/io/circe/circe-optics_3/0.14.0/circe-optics_3-0.14.0.pom))), directCause=None)), directCause=None)), directCause=None)), directCause=None)
2023.08.06 19:33:11 INFO  [error] Incomplete(node=Some(Task(_)), tpe=Error, msg=None, causes=List(Incomplete(node=Some(Task(_)), tpe=Error, msg=None, causes=List(Incomplete(node=Some(Task((tags: Map(Tag(update) -> 1, Tag(network) -> 1), taskDefinitionKey: ScopedKey(Scope(Select(ProjectRef(file:/Users/lain/Source/acclima/backend2/,root)), Zero, Zero, Zero),updateClassifiers)))), tpe=Error, msg=None, causes=List(Incomplete(node=Some(Task((taskDefinitionKey: ScopedKey(Scope(Select(ProjectRef(file:/Users/lain/Source/acclima/backend2/,root)), Zero, Select(updateClassifiers), Zero),classifiersModule)))), tpe=Error, msg=None, causes=List(Incomplete(node=Some(Task((taskDefinitionKey: ScopedKey(Scope(Select(ProjectRef(file:/Users/lain/Source/acclima/backend2/,root)), Zero, Zero, Zero),update)))), tpe=Error, msg=None, causes=List(Incomplete(node=Some(Task((tags: Map(Tag(update) -> 1, Tag(network) -> 1), taskDefinitionKey: ScopedKey(Scope(Select(ProjectRef(file:/Users/lain/Source/acclima/backend2/,root)), Zero, Zero, Zero),update)))), tpe=Error, msg=None, causes=List(), directCause=Some(sbt.librarymanagement.ResolveException: Error downloading io.circe:circe-optics_3:0.14.0
2023.08.06 19:33:11 INFO  [error]   Not found
2023.08.06 19:33:11 INFO  [error]   Not found
2023.08.06 19:33:11 INFO  [error]   not found: /Users/lain/.ivy2/localio.circe/circe-optics_3/0.14.0/ivys/ivy.xml
2023.08.06 19:33:11 INFO  [error]   download error: Caught java.net.UnknownHostException (repo1.maven.org) while downloading https://repo1.maven.org/maven2/io/circe/circe-optics_3/0.14.0/circe-optics_3-0.14.0.pom))), directCause=None)), directCause=None)), directCause=None)), directCause=None), Incomplete(node=Some(Task((taskDefinitionKey: ScopedKey(Scope(Select(ProjectRef(file:/Users/lain/Source/acclima/backend2/,root)), Zero, Zero, Zero),update)))), tpe=Error, msg=None, causes=List(Incomplete(node=Some(Task((tags: Map(Tag(update) -> 1, Tag(network) -> 1), taskDefinitionKey: ScopedKey(Scope(Select(ProjectRef(file:/Users/lain/Source/acclima/backend2/,root)), Zero, Zero, Zero),update)))), tpe=Error, msg=None, causes=List(), directCause=Some(sbt.librarymanagement.ResolveException: Error downloading io.circe:circe-optics_3:0.14.0
2023.08.06 19:33:11 INFO  [error]   Not found
2023.08.06 19:33:11 INFO  [error]   Not found
2023.08.06 19:33:11 INFO  [error]   not found: /Users/lain/.ivy2/localio.circe/circe-optics_3/0.14.0/ivys/ivy.xml
2023.08.06 19:33:11 INFO  [error]   download error: Caught java.net.UnknownHostException (repo1.maven.org) while downloading https://repo1.maven.org/maven2/io/circe/circe-optics_3/0.14.0/circe-optics_3-0.14.0.pom))), directCause=None), Incomplete(node=Some(Task(_)), tpe=Error, msg=None, causes=List(Incomplete(node=Some(Task(_)), tpe=Error, msg=None, causes=List(Incomplete(node=Some(Task((taskDefinitionKey: ScopedKey(Scope(Select(ProjectRef(file:/Users/lain/Source/acclima/backend2/,root)), Select(ConfigKey(test)), Zero, Zero),externalDependencyClasspath)))), tpe=Error, msg=None, causes=List(Incomplete(node=Some(Task(_)), tpe=Error, msg=None, causes=List(Incomplete(node=Some(Task((taskDefinitionKey: ScopedKey(Scope(Select(ProjectRef(file:/Users/lain/Source/acclima/backend2/,root)), Select(ConfigKey(test)), Zero, Zero),managedClasspath)))), tpe=Error, msg=None, causes=List(Incomplete(node=Some(Task(_)), tpe=Error, msg=None, causes=List(Incomplete(node=Some(Task((taskDefinitionKey: ScopedKey(Scope(Select(ProjectRef(file:/Users/lain/Source/acclima/backend2/,root)), Zero, Zero, Zero),update)))), tpe=Error, msg=None, causes=List(Incomplete(node=Some(Task((tags: Map(Tag(update) -> 1, Tag(network) -> 1), taskDefinitionKey: ScopedKey(Scope(Select(ProjectRef(file:/Users/lain/Source/acclima/backend2/,root)), Zero, Zero, Zero),update)))), tpe=Error, msg=None, causes=List(), directCause=Some(sbt.librarymanagement.ResolveException: Error downloading io.circe:circe-optics_3:0.14.0
2023.08.06 19:33:11 INFO  [error]   Not found
2023.08.06 19:33:11 INFO  [error]   Not found
2023.08.06 19:33:11 INFO  [error]   not found: /Users/lain/.ivy2/localio.circe/circe-optics_3/0.14.0/ivys/ivy.xml
2023.08.06 19:33:11 INFO  [error]   download error: Caught java.net.UnknownHostException (repo1.maven.org) while downloading https://repo1.maven.org/maven2/io/circe/circe-optics_3/0.14.0/circe-optics_3-0.14.0.pom))), directCause=None), Incomplete(node=Some(Task((taskDefinitionKey: ScopedKey(Scope(Select(ProjectRef(file:/Users/lain/Source/acclima/backend2/,root)), Select(ConfigKey(test)), Zero, Zero),classpathConfiguration)))), tpe=Error, msg=None, causes=List(Incomplete(node=Some(Task((taskDefinitionKey: ScopedKey(Scope(Select(ProjectRef(file:/Users/lain/Source/acclima/backend2/,root)), Zero, Zero, Zero),update)))), tpe=Error, msg=None, causes=List(Incomplete(node=Some(Task((tags: Map(Tag(update) -> 1, Tag(network) -> 1), taskDefinitionKey: ScopedKey(Scope(Select(ProjectRef(file:/Users/lain/Source/acclima/backend2/,root)), Zero, Zero, Zero),update)))), tpe=Error, msg=None, causes=List(), directCause=Some(sbt.librarymanagement.ResolveException: Error downloading io.circe:circe-optics_3:0.14.0
2023.08.06 19:33:11 INFO  [error]   Not found
2023.08.06 19:33:11 INFO  [error]   Not found
2023.08.06 19:33:11 INFO  [error]   not found: /Users/lain/.ivy2/localio.circe/circe-optics_3/0.14.0/ivys/ivy.xml
2023.08.06 19:33:11 INFO  [error]   download error: Caught java.net.UnknownHostException (repo1.maven.org) while downloading https://repo1.maven.org/maven2/io/circe/circe-optics_3/0.14.0/circe-optics_3-0.14.0.pom))), directCause=None), Incomplete(node=Some(Task((taskDefinitionKey: ScopedKey(Scope(Select(ProjectRef(file:/Users/lain/Source/acclima/backend2/,root)), Select(ConfigKey(runtime)), Zero, Zero),classpathConfiguration)))), tpe=Error, msg=None, causes=List(Incomplete(node=Some(Task((taskDefinitionKey: ScopedKey(Scope(Select(ProjectRef(file:/Users/lain/Source/acclima/backend2/,root)), Zero, Zero, Zero),update)))), tpe=Error, msg=None, causes=List(Incomplete(node=Some(Task((tags: Map(Tag(update) -> 1, Tag(network) -> 1), taskDefinitionKey: ScopedKey(Scope(Select(ProjectRef(file:/Users/lain/Source/acclima/backend2/,root)), Zero, Zero, Zero),update)))), tpe=Error, msg=None, causes=List(), directCause=Some(sbt.librarymanagement.ResolveException: Error downloading io.circe:circe-optics_3:0.14.0
2023.08.06 19:33:11 INFO  [error]   Not found
2023.08.06 19:33:11 INFO  [error]   Not found
2023.08.06 19:33:11 INFO  [error]   not found: /Users/lain/.ivy2/localio.circe/circe-optics_3/0.14.0/ivys/ivy.xml
2023.08.06 19:33:11 INFO  [error]   download error: Caught java.net.UnknownHostException (repo1.maven.org) while downloading https://repo1.maven.org/maven2/io/circe/circe-optics_3/0.14.0/circe-optics_3-0.14.0.pom))), directCause=None), Incomplete(node=Some(Task((taskDefinitionKey: ScopedKey(Scope(Select(ProjectRef(file:/Users/lain/Source/acclima/backend2/,root)), Select(ConfigKey(compile)), Zero, Zero),classpathConfiguration)))), tpe=Error, msg=None, causes=List(Incomplete(node=Some(Task((taskDefinitionKey: ScopedKey(Scope(Select(ProjectRef(file:/Users/lain/Source/acclima/backend2/,root)), Zero, Zero, Zero),update)))), tpe=Error, msg=None, causes=List(Incomplete(node=Some(Task((tags: Map(Tag(update) -> 1, Tag(network) -> 1), taskDefinitionKey: ScopedKey(Scope(Select(ProjectRef(file:/Users/lain/Source/acclima/backend2/,root)), Zero, Zero, Zero),update)))), tpe=Error, msg=None, causes=List(), directCause=Some(sbt.librarymanagement.ResolveException: Error downloading io.circe:circe-optics_3:0.14.0
2023.08.06 19:33:11 INFO  [error]   Not found
2023.08.06 19:33:11 INFO  [error]   Not found
2023.08.06 19:33:11 INFO  [error]   not found: /Users/lain/.ivy2/localio.circe/circe-optics_3/0.14.0/ivys/ivy.xml
2023.08.06 19:33:11 INFO  [error]   download error: Caught java.net.UnknownHostException (repo1.maven.org) while downloading https://repo1.maven.org/maven2/io/circe/circe-optics_3/0.14.0/circe-optics_3-0.14.0.pom))), directCause=None)), directCause=None)), directCause=None)), directCause=None)), directCause=None)), directCause=None)), directCause=None)), directCause=None)), directCause=None)), directCause=None), Incomplete(node=Some(Task((taskDefinitionKey: ScopedKey(Scope(Select(ProjectRef(file:/Users/lain/Source/acclima/backend2/,root)), Select(ConfigKey(test)), Zero, Zero),bloopInternalClasspath)))), tpe=Error, msg=None, causes=List(Incomplete(node=Some(Task(_)), tpe=Error, msg=None, causes=List(Incomplete(node=Some(Task((taskDefinitionKey: ScopedKey(Scope(Select(ProjectRef(file:/Users/lain/Source/acclima/backend2/,root)), Select(ConfigKey(test)), Zero, Zero),classpathConfiguration)))), tpe=Error, msg=None, causes=List(Incomplete(node=Some(Task((taskDefinitionKey: ScopedKey(Scope(Select(ProjectRef(file:/Users/lain/Source/acclima/backend2/,root)), Zero, Zero, Zero),update)))), tpe=Error, msg=None, causes=List(Incomplete(node=Some(Task((tags: Map(Tag(update) -> 1, Tag(network) -> 1), taskDefinitionKey: ScopedKey(Scope(Select(ProjectRef(file:/Users/lain/Source/acclima/backend2/,root)), Zero, Zero, Zero),update)))), tpe=Error, msg=None, causes=List(), directCause=Some(sbt.librarymanagement.ResolveException: Error downloading io.circe:circe-optics_3:0.14.0
2023.08.06 19:33:11 INFO  [error]   Not found
2023.08.06 19:33:11 INFO  [error]   Not found
2023.08.06 19:33:11 INFO  [error]   not found: /Users/lain/.ivy2/localio.circe/circe-optics_3/0.14.0/ivys/ivy.xml
2023.08.06 19:33:11 INFO  [error]   download error: Caught java.net.UnknownHostException (repo1.maven.org) while downloading https://repo1.maven.org/maven2/io/circe/circe-optics_3/0.14.0/circe-optics_3-0.14.0.pom))), directCause=None), Incomplete(node=Some(Task((taskDefinitionKey: ScopedKey(Scope(Select(ProjectRef(file:/Users/lain/Source/acclima/backend2/,root)), Select(ConfigKey(runtime)), Zero, Zero),classpathConfiguration)))), tpe=Error, msg=None, causes=List(Incomplete(node=Some(Task((taskDefinitionKey: ScopedKey(Scope(Select(ProjectRef(file:/Users/lain/Source/acclima/backend2/,root)), Zero, Zero, Zero),update)))), tpe=Error, msg=None, causes=List(Incomplete(node=Some(Task((tags: Map(Tag(update) -> 1, Tag(network) -> 1), taskDefinitionKey: ScopedKey(Scope(Select(ProjectRef(file:/Users/lain/Source/acclima/backend2/,root)), Zero, Zero, Zero),update)))), tpe=Error, msg=None, causes=List(), directCause=Some(sbt.librarymanagement.ResolveException: Error downloading io.circe:circe-optics_3:0.14.0
2023.08.06 19:33:11 INFO  [error]   Not found
2023.08.06 19:33:11 INFO  [error]   Not found
2023.08.06 19:33:11 INFO  [error]   not found: /Users/lain/.ivy2/localio.circe/circe-optics_3/0.14.0/ivys/ivy.xml
2023.08.06 19:33:11 INFO  [error]   download error: Caught java.net.UnknownHostException (repo1.maven.org) while downloading https://repo1.maven.org/maven2/io/circe/circe-optics_3/0.14.0/circe-optics_3-0.14.0.pom))), directCause=None), Incomplete(node=Some(Task((taskDefinitionKey: ScopedKey(Scope(Select(ProjectRef(file:/Users/lain/Source/acclima/backend2/,root)), Select(ConfigKey(compile)), Zero, Zero),classpathConfiguration)))), tpe=Error, msg=None, causes=List(Incomplete(node=Some(Task((taskDefinitionKey: ScopedKey(Scope(Select(ProjectRef(file:/Users/lain/Source/acclima/backend2/,root)), Zero, Zero, Zero),update)))), tpe=Error, msg=None, causes=List(Incomplete(node=Some(Task((tags: Map(Tag(update) -> 1, Tag(network) -> 1), taskDefinitionKey: ScopedKey(Scope(Select(ProjectRef(file:/Users/lain/Source/acclima/backend2/,root)), Zero, Zero, Zero),update)))), tpe=Error, msg=None, causes=List(), directCause=Some(sbt.librarymanagement.ResolveException: Error downloading io.circe:circe-optics_3:0.14.0
2023.08.06 19:33:11 INFO  [error]   Not found
2023.08.06 19:33:11 INFO  [error]   Not found
2023.08.06 19:33:11 INFO  [error]   not found: /Users/lain/.ivy2/localio.circe/circe-optics_3/0.14.0/ivys/ivy.xml
2023.08.06 19:33:11 INFO  [error]   download error: Caught java.net.UnknownHostException (repo1.maven.org) while downloading https://repo1.maven.org/maven2/io/circe/circe-optics_3/0.14.0/circe-optics_3-0.14.0.pom))), directCause=None)), directCause=None)), directCause=None)), directCause=None)), directCause=None)), directCause=None), Incomplete(node=Some(Task((taskDefinitionKey: ScopedKey(Scope(Select(ProjectRef(file:/Users/lain/Source/acclima/backend2/,root)), Select(ConfigKey(test)), Zero, Zero),scalacOptions)))), tpe=Error, msg=None, causes=List(Incomplete(node=Some(Task((taskDefinitionKey: ScopedKey(Scope(Select(ProjectRef(file:/Users/lain/Source/acclima/backend2/,root)), Select(ConfigKey(test)), Zero, Zero),scalacOptions)))), tpe=Error, msg=None, causes=List(Incomplete(node=Some(Task((taskDefinitionKey: ScopedKey(Scope(Select(ProjectRef(file:/Users/lain/Source/acclima/backend2/,root)), Select(ConfigKey(test)), Zero, Zero),scalacOptions)))), tpe=Error, msg=None, causes=List(Incomplete(node=Some(Task((taskDefinitionKey: ScopedKey(Scope(Select(ProjectRef(file:/Users/lain/Source/acclima/backend2/,root)), Zero, Zero, Zero),update)))), tpe=Error, msg=None, causes=List(Incomplete(node=Some(Task((tags: Map(Tag(update) -> 1, Tag(network) -> 1), taskDefinitionKey: ScopedKey(Scope(Select(ProjectRef(file:/Users/lain/Source/acclima/backend2/,root)), Zero, Zero, Zero),update)))), tpe=Error, msg=None, causes=List(), directCause=Some(sbt.librarymanagement.ResolveException: Error downloading io.circe:circe-optics_3:0.14.0
2023.08.06 19:33:11 INFO  [error]   Not found
2023.08.06 19:33:11 INFO  [error]   Not found
2023.08.06 19:33:11 INFO  [error]   not found: /Users/lain/.ivy2/localio.circe/circe-optics_3/0.14.0/ivys/ivy.xml
2023.08.06 19:33:11 INFO  [error]   download error: Caught java.net.UnknownHostException (repo1.maven.org) while downloading https://repo1.maven.org/maven2/io/circe/circe-optics_3/0.14.0/circe-optics_3-0.14.0.pom))), directCause=None), Incomplete(node=Some(Task((taskDefinitionKey: ScopedKey(Scope(Select(ProjectRef(file:/Users/lain/Source/acclima/backend2/,root)), Select(ConfigKey(test)), Zero, Zero),scalacOptions)))), tpe=Error, msg=None, causes=List(Incomplete(node=Some(Task((taskDefinitionKey: ScopedKey(Scope(Select(ProjectRef(file:/Users/lain/Source/acclima/backend2/,root)), Select(ConfigKey(test)), Zero, Zero),scalacOptions)))), tpe=Error, msg=None, causes=List(Incomplete(node=Some(Task((taskDefinitionKey: ScopedKey(Scope(Select(ProjectRef(file:/Users/lain/Source/acclima/backend2/,root)), Select(ConfigKey(compile)), Zero, Zero),scalacOptions)))), tpe=Error, msg=None, causes=List(Incomplete(node=Some(Task((taskDefinitionKey: ScopedKey(Scope(Select(ProjectRef(file:/Users/lain/Source/acclima/backend2/,root)), Select(ConfigKey(compile)), Zero, Zero),scalacOptions)))), tpe=Error, msg=None, causes=List(Incomplete(node=Some(Task((taskDefinitionKey: ScopedKey(Scope(Select(ProjectRef(file:/Users/lain/Source/acclima/backend2/,root)), Select(ConfigKey(compile)), Zero, Zero),scalacOptions)))), tpe=Error, msg=None, causes=List(Incomplete(node=Some(Task((taskDefinitionKey: ScopedKey(Scope(Select(ProjectRef(file:/Users/lain/Source/acclima/backend2/,root)), Select(ConfigKey(compile)), Zero, Zero),scalacOptions)))), tpe=Error, msg=None, causes=List(Incomplete(node=Some(Task((taskDefinitionKey: ScopedKey(Scope(Select(ProjectRef(file:/Users/lain/Source/acclima/backend2/,root)), Select(ConfigKey(compile)), Zero, Zero),scalacOptions)))), tpe=Error, msg=None, causes=List(Incomplete(node=Some(Task((taskDefinitionKey: ScopedKey(Scope(Select(ProjectRef(file:/Users/lain/Source/acclima/backend2/,root)), Zero, Zero, Zero),update)))), tpe=Error, msg=None, causes=List(Incomplete(node=Some(Task((tags: Map(Tag(update) -> 1, Tag(network) -> 1), taskDefinitionKey: ScopedKey(Scope(Select(ProjectRef(file:/Users/lain/Source/acclima/backend2/,root)), Zero, Zero, Zero),update)))), tpe=Error, msg=None, causes=List(), directCause=Some(sbt.librarymanagement.ResolveException: Error downloading io.circe:circe-optics_3:0.14.0
2023.08.06 19:33:11 INFO  [error]   Not found
2023.08.06 19:33:11 INFO  [error]   Not found
2023.08.06 19:33:11 INFO  [error]   not found: /Users/lain/.ivy2/localio.circe/circe-optics_3/0.14.0/ivys/ivy.xml
2023.08.06 19:33:11 INFO  [error]   download error: Caught java.net.UnknownHostException (repo1.maven.org) while downloading https://repo1.maven.org/maven2/io/circe/circe-optics_3/0.14.0/circe-optics_3-0.14.0.pom))), directCause=None)), directCause=None)), directCause=None)), directCause=None)), directCause=None)), directCause=None)), directCause=None)), directCause=None)), directCause=None)), directCause=None)), directCause=None), Incomplete(node=Some(Task(_)), tpe=Error, msg=None, causes=List(Incomplete(node=Some(Task((taskDefinitionKey: ScopedKey(Scope(Select(ProjectRef(file:/Users/lain/Source/acclima/backend2/,root)), Select(ConfigKey(test)), Zero, Zero),externalDependencyClasspath)))), tpe=Error, msg=None, causes=List(Incomplete(node=Some(Task(_)), tpe=Error, msg=None, causes=List(Incomplete(node=Some(Task((taskDefinitionKey: ScopedKey(Scope(Select(ProjectRef(file:/Users/lain/Source/acclima/backend2/,root)), Select(ConfigKey(test)), Zero, Zero),managedClasspath)))), tpe=Error, msg=None, causes=List(Incomplete(node=Some(Task(_)), tpe=Error, msg=None, causes=List(Incomplete(node=Some(Task((taskDefinitionKey: ScopedKey(Scope(Select(ProjectRef(file:/Users/lain/Source/acclima/backend2/,root)), Zero, Zero, Zero),update)))), tpe=Error, msg=None, causes=List(Incomplete(node=Some(Task((tags: Map(Tag(update) -> 1, Tag(network) -> 1), taskDefinitionKey: ScopedKey(Scope(Select(ProjectRef(file:/Users/lain/Source/acclima/backend2/,root)), Zero, Zero, Zero),update)))), tpe=Error, msg=None, causes=List(), directCause=Some(sbt.librarymanagement.ResolveException: Error downloading io.circe:circe-optics_3:0.14.0
2023.08.06 19:33:11 INFO  [error]   Not found
2023.08.06 19:33:11 INFO  [error]   Not found
2023.08.06 19:33:11 INFO  [error]   not found: /Users/lain/.ivy2/localio.circe/circe-optics_3/0.14.0/ivys/ivy.xml
2023.08.06 19:33:11 INFO  [error]   download error: Caught java.net.UnknownHostException (repo1.maven.org) while downloading https://repo1.maven.org/maven2/io/circe/circe-optics_3/0.14.0/circe-optics_3-0.14.0.pom))), directCause=None), Incomplete(node=Some(Task((taskDefinitionKey: ScopedKey(Scope(Select(ProjectRef(file:/Users/lain/Source/acclima/backend2/,root)), Select(ConfigKey(test)), Zero, Zero),classpathConfiguration)))), tpe=Error, msg=None, causes=List(Incomplete(node=Some(Task((taskDefinitionKey: ScopedKey(Scope(Select(ProjectRef(file:/Users/lain/Source/acclima/backend2/,root)), Zero, Zero, Zero),update)))), tpe=Error, msg=None, causes=List(Incomplete(node=Some(Task((tags: Map(Tag(update) -> 1, Tag(network) -> 1), taskDefinitionKey: ScopedKey(Scope(Select(ProjectRef(file:/Users/lain/Source/acclima/backend2/,root)), Zero, Zero, Zero),update)))), tpe=Error, msg=None, causes=List(), directCause=Some(sbt.librarymanagement.ResolveException: Error downloading io.circe:circe-optics_3:0.14.0
2023.08.06 19:33:11 INFO  [error]   Not found
2023.08.06 19:33:11 INFO  [error]   Not found
2023.08.06 19:33:11 INFO  [error]   not found: /Users/lain/.ivy2/localio.circe/circe-optics_3/0.14.0/ivys/ivy.xml
2023.08.06 19:33:11 INFO  [error]   download error: Caught java.net.UnknownHostException (repo1.maven.org) while downloading https://repo1.maven.org/maven2/io/circe/circe-optics_3/0.14.0/circe-optics_3-0.14.0.pom))), directCause=None), Incomplete(node=Some(Task((taskDefinitionKey: ScopedKey(Scope(Select(ProjectRef(file:/Users/lain/Source/acclima/backend2/,root)), Select(ConfigKey(runtime)), Zero, Zero),classpathConfiguration)))), tpe=Error, msg=None, causes=List(Incomplete(node=Some(Task((taskDefinitionKey: ScopedKey(Scope(Select(ProjectRef(file:/Users/lain/Source/acclima/backend2/,root)), Zero, Zero, Zero),update)))), tpe=Error, msg=None, causes=List(Incomplete(node=Some(Task((tags: Map(Tag(update) -> 1, Tag(network) -> 1), taskDefinitionKey: ScopedKey(Scope(Select(ProjectRef(file:/Users/lain/Source/acclima/backend2/,root)), Zero, Zero, Zero),update)))), tpe=Error, msg=None, causes=List(), directCause=Some(sbt.librarymanagement.ResolveException: Error downloading io.circe:circe-optics_3:0.14.0
2023.08.06 19:33:11 INFO  [error]   Not found
2023.08.06 19:33:11 INFO  [error]   Not found
2023.08.06 19:33:11 INFO  [error]   not found: /Users/lain/.ivy2/localio.circe/circe-optics_3/0.14.0/ivys/ivy.xml
2023.08.06 19:33:11 INFO  [error]   download error: Caught java.net.UnknownHostException (repo1.maven.org) while downloading https://repo1.maven.org/maven2/io/circe/circe-optics_3/0.14.0/circe-optics_3-0.14.0.pom))), directCause=None), Incomplete(node=Some(Task((taskDefinitionKey: ScopedKey(Scope(Select(ProjectRef(file:/Users/lain/Source/acclima/backend2/,root)), Select(ConfigKey(compile)), Zero, Zero),classpathConfiguration)))), tpe=Error, msg=None, causes=List(Incomplete(node=Some(Task((taskDefinitionKey: ScopedKey(Scope(Select(ProjectRef(file:/Users/lain/Source/acclima/backend2/,root)), Zero, Zero, Zero),update)))), tpe=Error, msg=None, causes=List(Incomplete(node=Some(Task((tags: Map(Tag(update) -> 1, Tag(network) -> 1), taskDefinitionKey: ScopedKey(Scope(Select(ProjectRef(file:/Users/lain/Source/acclima/backend2/,root)), Zero, Zero, Zero),update)))), tpe=Error, msg=None, causes=List(), directCause=Some(sbt.librarymanagement.ResolveException: Error downloading io.circe:circe-optics_3:0.14.0
2023.08.06 19:33:11 INFO  [error]   Not found
2023.08.06 19:33:11 INFO  [error]   Not found
2023.08.06 19:33:11 INFO  [error]   not found: /Users/lain/.ivy2/localio.circe/circe-optics_3/0.14.0/ivys/ivy.xml
2023.08.06 19:33:11 INFO  [error]   download error: Caught java.net.UnknownHostException (repo1.maven.org) while downloading https://repo1.maven.org/maven2/io/circe/circe-optics_3/0.14.0/circe-optics_3-0.14.0.pom))), directCause=None)), directCause=None)), directCause=None)), directCause=None)), directCause=None)), directCause=None)), directCause=None)), directCause=None), Incomplete(node=Some(Task((taskDefinitionKey: ScopedKey(Scope(Select(ProjectRef(file:/Users/lain/Source/acclima/backend2/,root)), Select(ConfigKey(test)), Zero, Zero),bloopInternalClasspath)))), tpe=Error, msg=None, causes=List(Incomplete(node=Some(Task(_)), tpe=Error, msg=None, causes=List(Incomplete(node=Some(Task((taskDefinitionKey: ScopedKey(Scope(Select(ProjectRef(file:/Users/lain/Source/acclima/backend2/,root)), Select(ConfigKey(test)), Zero, Zero),classpathConfiguration)))), tpe=Error, msg=None, causes=List(Incomplete(node=Some(Task((taskDefinitionKey: ScopedKey(Scope(Select(ProjectRef(file:/Users/lain/Source/acclima/backend2/,root)), Zero, Zero, Zero),update)))), tpe=Error, msg=None, causes=List(Incomplete(node=Some(Task((tags: Map(Tag(update) -> 1, Tag(network) -> 1), taskDefinitionKey: ScopedKey(Scope(Select(ProjectRef(file:/Users/lain/Source/acclima/backend2/,root)), Zero, Zero, Zero),update)))), tpe=Error, msg=None, causes=List(), directCause=Some(sbt.librarymanagement.ResolveException: Error downloading io.circe:circe-optics_3:0.14.0
2023.08.06 19:33:11 INFO  [error]   Not found
2023.08.06 19:33:11 INFO  [error]   Not found
2023.08.06 19:33:11 INFO  [error]   not found: /Users/lain/.ivy2/localio.circe/circe-optics_3/0.14.0/ivys/ivy.xml
2023.08.06 19:33:11 INFO  [error]   download error: Caught java.net.UnknownHostException (repo1.maven.org) while downloading https://repo1.maven.org/maven2/io/circe/circe-optics_3/0.14.0/circe-optics_3-0.14.0.pom))), directCause=None), Incomplete(node=Some(Task((taskDefinitionKey: ScopedKey(Scope(Select(ProjectRef(file:/Users/lain/Source/acclima/backend2/,root)), Select(ConfigKey(runtime)), Zero, Zero),classpathConfiguration)))), tpe=Error, msg=None, causes=List(Incomplete(node=Some(Task((taskDefinitionKey: ScopedKey(Scope(Select(ProjectRef(file:/Users/lain/Source/acclima/backend2/,root)), Zero, Zero, Zero),update)))), tpe=Error, msg=None, causes=List(Incomplete(node=Some(Task((tags: Map(Tag(update) -> 1, Tag(network) -> 1), taskDefinitionKey: ScopedKey(Scope(Select(ProjectRef(file:/Users/lain/Source/acclima/backend2/,root)), Zero, Zero, Zero),update)))), tpe=Error, msg=None, causes=List(), directCause=Some(sbt.librarymanagement.ResolveException: Error downloading io.circe:circe-optics_3:0.14.0
2023.08.06 19:33:11 INFO  [error]   Not found
2023.08.06 19:33:11 INFO  [error]   Not found
2023.08.06 19:33:11 INFO  [error]   not found: /Users/lain/.ivy2/localio.circe/circe-optics_3/0.14.0/ivys/ivy.xml
2023.08.06 19:33:11 INFO  [error]   download error: Caught java.net.UnknownHostException (repo1.maven.org) while downloading https://repo1.maven.org/maven2/io/circe/circe-optics_3/0.14.0/circe-optics_3-0.14.0.pom))), directCause=None), Incomplete(node=Some(Task((taskDefinitionKey: ScopedKey(Scope(Select(ProjectRef(file:/Users/lain/Source/acclima/backend2/,root)), Select(ConfigKey(compile)), Zero, Zero),classpathConfiguration)))), tpe=Error, msg=None, causes=List(Incomplete(node=Some(Task((taskDefinitionKey: ScopedKey(Scope(Select(ProjectRef(file:/Users/lain/Source/acclima/backend2/,root)), Zero, Zero, Zero),update)))), tpe=Error, msg=None, causes=List(Incomplete(node=Some(Task((tags: Map(Tag(update) -> 1, Tag(network) -> 1), taskDefinitionKey: ScopedKey(Scope(Select(ProjectRef(file:/Users/lain/Source/acclima/backend2/,root)), Zero, Zero, Zero),update)))), tpe=Error, msg=None, causes=List(), directCause=Some(sbt.librarymanagement.ResolveException: Error downloading io.circe:circe-optics_3:0.14.0
2023.08.06 19:33:11 INFO  [error]   Not found
2023.08.06 19:33:11 INFO  [error]   Not found
2023.08.06 19:33:11 INFO  [error]   not found: /Users/lain/.ivy2/localio.circe/circe-optics_3/0.14.0/ivys/ivy.xml
2023.08.06 19:33:11 INFO  [error]   download error: Caught java.net.UnknownHostException (repo1.maven.org) while downloading https://repo1.maven.org/maven2/io/circe/circe-optics_3/0.14.0/circe-optics_3-0.14.0.pom))), directCause=None)), directCause=None)), directCause=None)), directCause=None)), directCause=None)), directCause=None)), directCause=None), Incomplete(node=Some(Task((taskDefinitionKey: ScopedKey(Scope(Select(ProjectRef(file:/Users/lain/Source/acclima/backend2/,root)), Zero, Zero, Zero),scalaInstance)))), tpe=Error, msg=None, causes=List(Incomplete(node=Some(Task(_)), tpe=Error, msg=None, causes=List(Incomplete(node=Some(Task((taskDefinitionKey: ScopedKey(Scope(Select(ProjectRef(file:/Users/lain/Source/acclima/backend2/,root)), Zero, Zero, Zero),update)))), tpe=Error, msg=None, causes=List(Incomplete(node=Some(Task((tags: Map(Tag(update) -> 1, Tag(network) -> 1), taskDefinitionKey: ScopedKey(Scope(Select(ProjectRef(file:/Users/lain/Source/acclima/backend2/,root)), Zero, Zero, Zero),update)))), tpe=Error, msg=None, causes=List(), directCause=Some(sbt.librarymanagement.ResolveException: Error downloading io.circe:circe-optics_3:0.14.0
2023.08.06 19:33:11 INFO  [error]   Not found
2023.08.06 19:33:11 INFO  [error]   Not found
2023.08.06 19:33:11 INFO  [error]   not found: /Users/lain/.ivy2/localio.circe/circe-optics_3/0.14.0/ivys/ivy.xml
2023.08.06 19:33:11 INFO  [error]   download error: Caught java.net.UnknownHostException (repo1.maven.org) while downloading https://repo1.maven.org/maven2/io/circe/circe-optics_3/0.14.0/circe-optics_3-0.14.0.pom))), directCause=None)), directCause=None)), directCause=None)), directCause=None)
2023.08.06 19:33:11 INFO  [warn] Removed stale /Users/lain/Source/acclima/backend2/.bloop/root-test.json
2023.08.06 19:33:11 INFO  [warn] Removed stale /Users/lain/Source/acclima/backend2/.bloop/root.json
2023.08.06 19:33:11 INFO  [error] sbt.librarymanagement.ResolveException: Error downloading io.circe:circe-optics_3:0.14.0
2023.08.06 19:33:11 INFO  [error]   Not found
2023.08.06 19:33:11 INFO  [error]   Not found
2023.08.06 19:33:11 INFO  [error]   not found: /Users/lain/.ivy2/localio.circe/circe-optics_3/0.14.0/ivys/ivy.xml
2023.08.06 19:33:11 INFO  [error]   download error: Caught java.net.UnknownHostException (repo1.maven.org) while downloading https://repo1.maven.org/maven2/io/circe/circe-optics_3/0.14.0/circe-optics_3-0.14.0.pom
2023.08.06 19:33:11 INFO  [error] 	at lmcoursier.CoursierDependencyResolution.unresolvedWarningOrThrow(CoursierDependencyResolution.scala:344)
2023.08.06 19:33:11 INFO  [error] 	at lmcoursier.CoursierDependencyResolution.$anonfun$update$38(CoursierDependencyResolution.scala:313)
2023.08.06 19:33:11 INFO  [error] 	at scala.util.Either$LeftProjection.map(Either.scala:573)
2023.08.06 19:33:11 INFO  [error] 	at lmcoursier.CoursierDependencyResolution.update(CoursierDependencyResolution.scala:313)
2023.08.06 19:33:11 INFO  [error] 	at sbt.librarymanagement.DependencyResolution.update(DependencyResolution.scala:60)
2023.08.06 19:33:11 INFO  [error] 	at sbt.internal.LibraryManagement$.resolve$1(LibraryManagement.scala:60)
2023.08.06 19:33:11 INFO  [error] 	at sbt.internal.LibraryManagement$.$anonfun$cachedUpdate$12(LibraryManagement.scala:134)
2023.08.06 19:33:11 INFO  [error] 	at sbt.util.Tracked$.$anonfun$lastOutput$1(Tracked.scala:74)
2023.08.06 19:33:11 INFO  [error] 	at sbt.internal.LibraryManagement$.$anonfun$cachedUpdate$20(LibraryManagement.scala:147)
2023.08.06 19:33:11 INFO  [error] 	at scala.util.control.Exception$Catch.apply(Exception.scala:228)
2023.08.06 19:33:11 INFO  [error] 	at sbt.internal.LibraryManagement$.$anonfun$cachedUpdate$11(LibraryManagement.scala:147)
2023.08.06 19:33:11 INFO  [error] 	at sbt.internal.LibraryManagement$.$anonfun$cachedUpdate$11$adapted(LibraryManagement.scala:128)
2023.08.06 19:33:11 INFO  [error] 	at sbt.util.Tracked$.$anonfun$inputChangedW$1(Tracked.scala:220)
2023.08.06 19:33:11 INFO  [error] 	at sbt.internal.LibraryManagement$.cachedUpdate(LibraryManagement.scala:161)
2023.08.06 19:33:11 INFO  [error] 	at sbt.Classpaths$.$anonfun$updateTask0$1(Defaults.scala:3799)
2023.08.06 19:33:11 INFO  [error] 	at scala.Function1.$anonfun$compose$1(Function1.scala:49)
2023.08.06 19:33:11 INFO  [error] 	at sbt.internal.util.$tilde$greater.$anonfun$$u2219$1(TypeFunctions.scala:63)
2023.08.06 19:33:11 INFO  [error] 	at sbt.std.Transform$$anon$4.work(Transform.scala:69)
2023.08.06 19:33:11 INFO  [error] 	at sbt.Execute.$anonfun$submit$2(Execute.scala:283)
2023.08.06 19:33:11 INFO  [error] 	at sbt.internal.util.ErrorHandling$.wideConvert(ErrorHandling.scala:24)
2023.08.06 19:33:11 INFO  [error] 	at sbt.Execute.work(Execute.scala:292)
2023.08.06 19:33:11 INFO  [error] 	at sbt.Execute.$anonfun$submit$1(Execute.scala:283)
2023.08.06 19:33:11 INFO  [error] 	at sbt.ConcurrentRestrictions$$anon$4.$anonfun$submitValid$1(ConcurrentRestrictions.scala:265)
2023.08.06 19:33:11 INFO  [error] 	at sbt.CompletionService$$anon$2.call(CompletionService.scala:65)
2023.08.06 19:33:11 INFO  [error] 	at java.base/java.util.concurrent.FutureTask.run(FutureTask.java:264)
2023.08.06 19:33:11 INFO  [error] 	at java.base/java.util.concurrent.Executors$RunnableAdapter.call(Executors.java:515)
2023.08.06 19:33:11 INFO  [error] 	at java.base/java.util.concurrent.FutureTask.run(FutureTask.java:264)
2023.08.06 19:33:11 INFO  [error] 	at java.base/java.util.concurrent.ThreadPoolExecutor.runWorker(ThreadPoolExecutor.java:1128)
2023.08.06 19:33:11 INFO  [error] 	at java.base/java.util.concurrent.ThreadPoolExecutor$Worker.run(ThreadPoolExecutor.java:628)
2023.08.06 19:33:11 INFO  [error] 	at java.base/java.lang.Thread.run(Thread.java:829)
2023.08.06 19:33:11 INFO  [error] (update) sbt.librarymanagement.ResolveException: Error downloading io.circe:circe-optics_3:0.14.0
2023.08.06 19:33:11 INFO  [error]   Not found
2023.08.06 19:33:11 INFO  [error]   Not found
2023.08.06 19:33:11 INFO  [error]   not found: /Users/lain/.ivy2/localio.circe/circe-optics_3/0.14.0/ivys/ivy.xml
2023.08.06 19:33:11 INFO  [error]   download error: Caught java.net.UnknownHostException (repo1.maven.org) while downloading https://repo1.maven.org/maven2/io/circe/circe-optics_3/0.14.0/circe-optics_3-0.14.0.pom
2023.08.06 19:33:11 INFO  [error] Total time: 30 s, completed Aug 6, 2023, 7:33:11 PM
2023.08.06 19:33:11 INFO  time: ran 'sbt bloopInstall' in 36s
2023.08.06 19:33:11 ERROR sbt command failed: /opt/homebrew/Cellar/openjdk@11/11.0.20/libexec/openjdk.jdk/Contents/Home/bin/java -Djline.terminal=jline.UnsupportedTerminal -Dsbt.log.noformat=true -Dfile.encoding=UTF-8 -jar /var/folders/08/hglb0jp13r54pxmj160s3k4h0000gn/T/metals6397238532738130286/sbt-launch.jar -Dbloop.export-jar-classifiers=sources bloopInstall
2023.08.06 19:33:11 INFO  Disconnecting from Bloop session...
2023.08.06 19:33:11 INFO  Shut down connection with build server.
2023.08.06 19:33:11 INFO  Shut down connection with build server.
2023.08.06 19:33:11 INFO  Shut down connection with build server.
2023.08.06 19:33:11 INFO  Attempting to connect to the build server...
2023.08.06 19:33:11 INFO  Bloop uses /opt/homebrew/Cellar/openjdk@11/11.0.20/libexec/openjdk.jdk/Contents/Home defined at /Users/lain/.bloop/bloop.json
2023.08.06 19:33:11 INFO  tracing is disabled for protocol BSP, to enable tracing of incoming and outgoing JSON messages create an empty file at /Users/lain/Source/acclima/backend2/.metals/bsp.trace.json or /Users/lain/Library/Caches/org.scalameta.metals/bsp.trace.json
2023.08.06 19:33:11 INFO  Attempting to connect to the build server...
2023.08.06 19:33:11 INFO  Bloop uses /opt/homebrew/Cellar/openjdk@11/11.0.20/libexec/openjdk.jdk/Contents/Home defined at /Users/lain/.bloop/bloop.json
2023.08.06 19:33:11 INFO  Attempting to connect to the build server...
2023.08.06 19:33:11 INFO  Bloop uses /opt/homebrew/Cellar/openjdk@11/11.0.20/libexec/openjdk.jdk/Contents/Home defined at /Users/lain/.bloop/bloop.json
2023.08.06 19:33:11 INFO  tracing is disabled for protocol BSP, to enable tracing of incoming and outgoing JSON messages create an empty file at /Users/lain/Source/acclima/backend2/project/project/.metals/bsp.trace.json or /Users/lain/Library/Caches/org.scalameta.metals/bsp.trace.json
2023.08.06 19:33:11 INFO  tracing is disabled for protocol BSP, to enable tracing of incoming and outgoing JSON messages create an empty file at /Users/lain/Source/acclima/backend2/project/.metals/bsp.trace.json or /Users/lain/Library/Caches/org.scalameta.metals/bsp.trace.json
2023.08.06 19:33:11 INFO  time: Connected to build server in 72ms
2023.08.06 19:33:11 INFO  Connected to Build server: Bloop v1.5.8
2023.08.06 19:33:11 ERROR Empty build targets. Expected at least one build target identifier.
2023.08.06 19:33:11 ERROR Empty build targets. Expected at least one build target identifier.
2023.08.06 19:33:11 ERROR Empty build targets. Expected at least one build target identifier.
2023.08.06 19:33:11 ERROR Empty build targets. Expected at least one build target identifier.
2023.08.06 19:33:12 INFO  time: indexed workspace in 1.06s
2023.08.06 19:33:12 WARN  no build target for: /Users/lain/Source/acclima/backend2/src/main/scala/com/acclima/backend2/NoiseService.scala
2023.08.06 19:33:12 WARN  no build target for: /Users/lain/Source/acclima/backend2/src/main/scala/com/acclima/backend2/Backend2Routes.scala
2023.08.06 19:33:12 WARN  no build target for: /Users/lain/Source/acclima/backend2/src/main/scala/com/acclima/backend2/AirService.scala
2023.08.06 19:33:12 WARN  no build target for: /Users/lain/Source/acclima/backend2/src/main/scala/com/acclima/backend2/Geography.scala
Aug 06, 2023 7:33:13 PM scala.meta.internal.pc.CompilerAccess handleError
SEVERE: A severe compiler error occurred, full details of the error can be found in the error report /Users/lain/Source/acclima/backend2/.metals/.reports/metals-full/r_compiler-error_1691339593612
Aug 06, 2023 7:36:58 PM scala.meta.internal.pc.CompilerAccess handleError
SEVERE: A severe compiler error occurred, full details of the error can be found in the error report /Users/lain/Source/acclima/backend2/.metals/.reports/metals-full/r_compiler-error_1691339818464
Aug 06, 2023 8:14:32 PM scala.meta.internal.pc.CompilerAccess handleError
SEVERE: A severe compiler error occurred, full details of the error can be found in the error report /Users/lain/Source/acclima/backend2/.metals/.reports/metals-full/r_compiler-error_1691342072807
Aug 06, 2023 8:17:35 PM scala.meta.internal.pc.CompilerAccess handleError
SEVERE: A severe compiler error occurred, full details of the error can be found in the error report /Users/lain/Source/acclima/backend2/.metals/.reports/metals-full/r_compiler-error_1691342255938
Aug 06, 2023 8:17:41 PM scala.meta.internal.pc.CompilerAccess handleError
SEVERE: A severe compiler error occurred, full details of the error can be found in the error report /Users/lain/Source/acclima/backend2/.metals/.reports/metals-full/r_compiler-error_1691342261516
2023.08.06 20:17:41 INFO  Shutting down server
2023.08.06 20:17:41 INFO  shutting down Metals
2023.08.06 20:17:41 INFO  Shut down connection with build server.
2023.08.06 20:17:41 INFO  Shut down connection with build server.
2023.08.06 20:17:41 INFO  Shut down connection with build server.
2023.08.06 20:17:41 INFO  Bloop uses /opt/homebrew/Cellar/openjdk@11/11.0.20/libexec/openjdk.jdk/Contents/Home defined at /Users/lain/.bloop/bloop.json
2023.08.06 20:17:41 INFO  Exiting server
